SF:/Users/zer0cell/production/empack/crates/empack-lib/src/application/cli.rs
FN:30,_RNvMNtNtCshmQA5Mrgi1L_10empack_lib11application3cliNtB2_9CliConfig4load
FN:159,_RNvMs0_NtNtCshmQA5Mrgi1L_10empack_lib11application3cliNtB5_8Commands15execution_order
FN:145,_RNvMs0_NtNtCshmQA5Mrgi1L_10empack_lib11application3cliNtB5_8Commands16requires_modpack
FN:174,_RNvXs1_NtNtCshmQA5Mrgi1L_10empack_lib11application3cliNtB5_3CliNtNtCsj3QBrvpYeJs_4core7default7Default7default
FN:133,_RNvXs_NtNtCshmQA5Mrgi1L_10empack_lib11application3cliNtB4_14SearchPlatformNtNtNtCsj3QBrvpYeJs_4core3str6traits7FromStr8from_str
FN:30,_RNvMNtNtCs5BmVzKVgC1k_10empack_lib11application3cliNtB2_9CliConfig4load
FN:159,_RNvMs0_NtNtCs5BmVzKVgC1k_10empack_lib11application3cliNtB5_8Commands15execution_order
FN:145,_RNvMs0_NtNtCs5BmVzKVgC1k_10empack_lib11application3cliNtB5_8Commands16requires_modpack
FN:174,_RNvXs1_NtNtCs5BmVzKVgC1k_10empack_lib11application3cliNtB5_3CliNtNtCsj3QBrvpYeJs_4core7default7Default7default
FN:133,_RNvXs_NtNtCs5BmVzKVgC1k_10empack_lib11application3cliNtB4_14SearchPlatformNtNtNtCsj3QBrvpYeJs_4core3str6traits7FromStr8from_str
FNDA:0,_RNvMNtNtCshmQA5Mrgi1L_10empack_lib11application3cliNtB2_9CliConfig4load
FNDA:0,_RNvMs0_NtNtCshmQA5Mrgi1L_10empack_lib11application3cliNtB5_8Commands15execution_order
FNDA:0,_RNvMs0_NtNtCshmQA5Mrgi1L_10empack_lib11application3cliNtB5_8Commands16requires_modpack
FNDA:0,_RNvXs1_NtNtCshmQA5Mrgi1L_10empack_lib11application3cliNtB5_3CliNtNtCsj3QBrvpYeJs_4core7default7Default7default
FNDA:0,_RNvXs_NtNtCshmQA5Mrgi1L_10empack_lib11application3cliNtB4_14SearchPlatformNtNtNtCsj3QBrvpYeJs_4core3str6traits7FromStr8from_str
FNDA:0,_RNvMNtNtCs5BmVzKVgC1k_10empack_lib11application3cliNtB2_9CliConfig4load
FNDA:0,_RNvMs0_NtNtCs5BmVzKVgC1k_10empack_lib11application3cliNtB5_8Commands15execution_order
FNDA:0,_RNvMs0_NtNtCs5BmVzKVgC1k_10empack_lib11application3cliNtB5_8Commands16requires_modpack
FNDA:0,_RNvXs1_NtNtCs5BmVzKVgC1k_10empack_lib11application3cliNtB5_3CliNtNtCsj3QBrvpYeJs_4core7default7Default7default
FNDA:0,_RNvXs_NtNtCs5BmVzKVgC1k_10empack_lib11application3cliNtB4_14SearchPlatformNtNtNtCsj3QBrvpYeJs_4core3str6traits7FromStr8from_str
FNF:5
FNH:0
DA:30,0
DA:31,0
DA:32,0
DA:33,0
DA:34,0
DA:35,0
DA:36,0
DA:133,0
DA:134,0
DA:135,0
DA:136,0
DA:137,0
DA:138,0
DA:140,0
DA:145,0
DA:146,0
DA:147,0
DA:148,0
DA:149,0
DA:150,0
DA:151,0
DA:152,0
DA:153,0
DA:154,0
DA:156,0
DA:159,0
DA:160,0
DA:161,0
DA:162,0
DA:163,0
DA:164,0
DA:165,0
DA:166,0
DA:167,0
DA:168,0
DA:170,0
DA:174,0
DA:175,0
DA:176,0
DA:177,0
DA:178,0
DA:179,0
BRF:0
BRH:0
LF:42
LH:0
end_of_record
SF:/Users/zer0cell/production/empack/crates/empack-lib/src/application/commands.rs
FN:236,_RNCNCNCNvNtNtCshmQA5Mrgi1L_10empack_lib11application8commands11handle_init0s_00Csbc2rGA5VZid_11add_command
FN:594,_RNCNCNvNtNtCshmQA5Mrgi1L_10empack_lib11application8commands10handle_add00Csbc2rGA5VZid_11add_command
FN:655,_RNCNCNvNtNtCshmQA5Mrgi1L_10empack_lib11application8commands10handle_add0s0_0Csbc2rGA5VZid_11add_command
FN:696,_RNCNCNvNtNtCshmQA5Mrgi1L_10empack_lib11application8commands10handle_add0s1_0Csbc2rGA5VZid_11add_command
FN:654,_RNCNCNvNtNtCshmQA5Mrgi1L_10empack_lib11application8commands10handle_add0s_0Csbc2rGA5VZid_11add_command
FN:200,_RNCNCNvNtNtCshmQA5Mrgi1L_10empack_lib11application8commands11handle_init00Csbc2rGA5VZid_11add_command
FN:308,_RNCNCNvNtNtCshmQA5Mrgi1L_10empack_lib11application8commands11handle_init0s0_0Csbc2rGA5VZid_11add_command
FN:349,_RNCNCNvNtNtCshmQA5Mrgi1L_10empack_lib11application8commands11handle_init0s1_0Csbc2rGA5VZid_11add_command
FN:233,_RNCNCNvNtNtCshmQA5Mrgi1L_10empack_lib11application8commands11handle_init0s_0Csbc2rGA5VZid_11add_command
FN:1282,_RNCNCNvNtNtCshmQA5Mrgi1L_10empack_lib11application8commands11handle_sync00Csbc2rGA5VZid_11add_command
FN:1311,_RNCNCNvNtNtCshmQA5Mrgi1L_10empack_lib11application8commands11handle_sync0s0_0Csbc2rGA5VZid_11add_command
FN:1285,_RNCNCNvNtNtCshmQA5Mrgi1L_10empack_lib11application8commands11handle_sync0s_0Csbc2rGA5VZid_11add_command
FN:907,_RNCNCNvNtNtCshmQA5Mrgi1L_10empack_lib11application8commands12handle_build00Csbc2rGA5VZid_11add_command
FN:814,_RNCNCNvNtNtCshmQA5Mrgi1L_10empack_lib11application8commands13handle_remove00Csbc2rGA5VZid_11add_command
FN:115,_RNCNCNvNtNtCshmQA5Mrgi1L_10empack_lib11application8commands19handle_requirements0s1_0Csbc2rGA5VZid_11add_command
FN:132,_RNCNCNvNtNtCshmQA5Mrgi1L_10empack_lib11application8commands19handle_requirements0s3_0Csbc2rGA5VZid_11add_command
FN:574,_RNCNvNtNtCshmQA5Mrgi1L_10empack_lib11application8commands10handle_add0Csbc2rGA5VZid_11add_command
FN:173,_RNCNvNtNtCshmQA5Mrgi1L_10empack_lib11application8commands11handle_init0Csbc2rGA5VZid_11add_command
FN:1021,_RNCNvNtNtCshmQA5Mrgi1L_10empack_lib11application8commands11handle_sync0Csbc2rGA5VZid_11add_command
FN:868,_RNCNvNtNtCshmQA5Mrgi1L_10empack_lib11application8commands12handle_build0Csbc2rGA5VZid_11add_command
FN:980,_RNCNvNtNtCshmQA5Mrgi1L_10empack_lib11application8commands12handle_clean0Csbc2rGA5VZid_11add_command
FN:759,_RNCNvNtNtCshmQA5Mrgi1L_10empack_lib11application8commands13handle_remove0Csbc2rGA5VZid_11add_command
FN:148,_RNCNvNtNtCshmQA5Mrgi1L_10empack_lib11application8commands14handle_version0Csbc2rGA5VZid_11add_command
FN:77,_RNCNvNtNtCshmQA5Mrgi1L_10empack_lib11application8commands19handle_requirements0Csbc2rGA5VZid_11add_command
FN:55,_RNCNvNtNtCshmQA5Mrgi1L_10empack_lib11application8commands28execute_command_with_session0Csbc2rGA5VZid_11add_command
FN:236,_RNCNCNCNvNtNtCshmQA5Mrgi1L_10empack_lib11application8commands11handle_init0s_00Bb_
FN:594,_RNCNCNvNtNtCshmQA5Mrgi1L_10empack_lib11application8commands10handle_add00B9_
FN:655,_RNCNCNvNtNtCshmQA5Mrgi1L_10empack_lib11application8commands10handle_add0s0_0B9_
FN:696,_RNCNCNvNtNtCshmQA5Mrgi1L_10empack_lib11application8commands10handle_add0s1_0B9_
FN:654,_RNCNCNvNtNtCshmQA5Mrgi1L_10empack_lib11application8commands10handle_add0s_0B9_
FN:200,_RNCNCNvNtNtCshmQA5Mrgi1L_10empack_lib11application8commands11handle_init00B9_
FN:308,_RNCNCNvNtNtCshmQA5Mrgi1L_10empack_lib11application8commands11handle_init0s0_0B9_
FN:349,_RNCNCNvNtNtCshmQA5Mrgi1L_10empack_lib11application8commands11handle_init0s1_0B9_
FN:233,_RNCNCNvNtNtCshmQA5Mrgi1L_10empack_lib11application8commands11handle_init0s_0B9_
FN:1282,_RNCNCNvNtNtCshmQA5Mrgi1L_10empack_lib11application8commands11handle_sync00B9_
FN:1311,_RNCNCNvNtNtCshmQA5Mrgi1L_10empack_lib11application8commands11handle_sync0s0_0B9_
FN:1285,_RNCNCNvNtNtCshmQA5Mrgi1L_10empack_lib11application8commands11handle_sync0s_0B9_
FN:907,_RNCNCNvNtNtCshmQA5Mrgi1L_10empack_lib11application8commands12handle_build00B9_
FN:814,_RNCNCNvNtNtCshmQA5Mrgi1L_10empack_lib11application8commands13handle_remove00B9_
FN:115,_RNCNCNvNtNtCshmQA5Mrgi1L_10empack_lib11application8commands19handle_requirements0s1_0B9_
FN:132,_RNCNCNvNtNtCshmQA5Mrgi1L_10empack_lib11application8commands19handle_requirements0s3_0B9_
FN:574,_RNCNvNtNtCshmQA5Mrgi1L_10empack_lib11application8commands10handle_add0B7_
FN:173,_RNCNvNtNtCshmQA5Mrgi1L_10empack_lib11application8commands11handle_init0B7_
FN:1021,_RNCNvNtNtCshmQA5Mrgi1L_10empack_lib11application8commands11handle_sync0B7_
FN:868,_RNCNvNtNtCshmQA5Mrgi1L_10empack_lib11application8commands12handle_build0B7_
FN:980,_RNCNvNtNtCshmQA5Mrgi1L_10empack_lib11application8commands12handle_clean0B7_
FN:759,_RNCNvNtNtCshmQA5Mrgi1L_10empack_lib11application8commands13handle_remove0B7_
FN:148,_RNCNvNtNtCshmQA5Mrgi1L_10empack_lib11application8commands14handle_version0B7_
FN:31,_RNCNvNtNtCshmQA5Mrgi1L_10empack_lib11application8commands15execute_command0B7_
FN:77,_RNCNvNtNtCshmQA5Mrgi1L_10empack_lib11application8commands19handle_requirements0B7_
FN:55,_RNCNvNtNtCshmQA5Mrgi1L_10empack_lib11application8commands28execute_command_with_session0B7_
FN:569,_RNvNtNtCshmQA5Mrgi1L_10empack_lib11application8commands10handle_add
FN:173,_RNvNtNtCshmQA5Mrgi1L_10empack_lib11application8commands11handle_init
FN:1021,_RNvNtNtCshmQA5Mrgi1L_10empack_lib11application8commands11handle_sync
FN:868,_RNvNtNtCshmQA5Mrgi1L_10empack_lib11application8commands12handle_build
FN:980,_RNvNtNtCshmQA5Mrgi1L_10empack_lib11application8commands12handle_clean
FN:759,_RNvNtNtCshmQA5Mrgi1L_10empack_lib11application8commands13handle_remove
FN:148,_RNvNtNtCshmQA5Mrgi1L_10empack_lib11application8commands14handle_version
FN:31,_RNvNtNtCshmQA5Mrgi1L_10empack_lib11application8commands15execute_command
FN:77,_RNvNtNtCshmQA5Mrgi1L_10empack_lib11application8commands19handle_requirements
FN:1364,_RNvNtNtCshmQA5Mrgi1L_10empack_lib11application8commands19parse_build_targets
FN:55,_RNvNtNtCshmQA5Mrgi1L_10empack_lib11application8commands28execute_command_with_session
FN:236,_RNCNCNCNvNtNtCshmQA5Mrgi1L_10empack_lib11application8commands11handle_init0s_00Cs8uoVYB8rq8D_17build_client_full
FN:594,_RNCNCNvNtNtCshmQA5Mrgi1L_10empack_lib11application8commands10handle_add00Cs8uoVYB8rq8D_17build_client_full
FN:655,_RNCNCNvNtNtCshmQA5Mrgi1L_10empack_lib11application8commands10handle_add0s0_0Cs8uoVYB8rq8D_17build_client_full
FN:696,_RNCNCNvNtNtCshmQA5Mrgi1L_10empack_lib11application8commands10handle_add0s1_0Cs8uoVYB8rq8D_17build_client_full
FN:654,_RNCNCNvNtNtCshmQA5Mrgi1L_10empack_lib11application8commands10handle_add0s_0Cs8uoVYB8rq8D_17build_client_full
FN:200,_RNCNCNvNtNtCshmQA5Mrgi1L_10empack_lib11application8commands11handle_init00Cs8uoVYB8rq8D_17build_client_full
FN:308,_RNCNCNvNtNtCshmQA5Mrgi1L_10empack_lib11application8commands11handle_init0s0_0Cs8uoVYB8rq8D_17build_client_full
FN:349,_RNCNCNvNtNtCshmQA5Mrgi1L_10empack_lib11application8commands11handle_init0s1_0Cs8uoVYB8rq8D_17build_client_full
FN:233,_RNCNCNvNtNtCshmQA5Mrgi1L_10empack_lib11application8commands11handle_init0s_0Cs8uoVYB8rq8D_17build_client_full
FN:1282,_RNCNCNvNtNtCshmQA5Mrgi1L_10empack_lib11application8commands11handle_sync00Cs8uoVYB8rq8D_17build_client_full
FN:1311,_RNCNCNvNtNtCshmQA5Mrgi1L_10empack_lib11application8commands11handle_sync0s0_0Cs8uoVYB8rq8D_17build_client_full
FN:1285,_RNCNCNvNtNtCshmQA5Mrgi1L_10empack_lib11application8commands11handle_sync0s_0Cs8uoVYB8rq8D_17build_client_full
FN:907,_RNCNCNvNtNtCshmQA5Mrgi1L_10empack_lib11application8commands12handle_build00Cs8uoVYB8rq8D_17build_client_full
FN:814,_RNCNCNvNtNtCshmQA5Mrgi1L_10empack_lib11application8commands13handle_remove00Cs8uoVYB8rq8D_17build_client_full
FN:115,_RNCNCNvNtNtCshmQA5Mrgi1L_10empack_lib11application8commands19handle_requirements0s1_0Cs8uoVYB8rq8D_17build_client_full
FN:132,_RNCNCNvNtNtCshmQA5Mrgi1L_10empack_lib11application8commands19handle_requirements0s3_0Cs8uoVYB8rq8D_17build_client_full
FN:574,_RNCNvNtNtCshmQA5Mrgi1L_10empack_lib11application8commands10handle_add0Cs8uoVYB8rq8D_17build_client_full
FN:173,_RNCNvNtNtCshmQA5Mrgi1L_10empack_lib11application8commands11handle_init0Cs8uoVYB8rq8D_17build_client_full
FN:1021,_RNCNvNtNtCshmQA5Mrgi1L_10empack_lib11application8commands11handle_sync0Cs8uoVYB8rq8D_17build_client_full
FN:868,_RNCNvNtNtCshmQA5Mrgi1L_10empack_lib11application8commands12handle_build0Cs8uoVYB8rq8D_17build_client_full
FN:980,_RNCNvNtNtCshmQA5Mrgi1L_10empack_lib11application8commands12handle_clean0Cs8uoVYB8rq8D_17build_client_full
FN:759,_RNCNvNtNtCshmQA5Mrgi1L_10empack_lib11application8commands13handle_remove0Cs8uoVYB8rq8D_17build_client_full
FN:148,_RNCNvNtNtCshmQA5Mrgi1L_10empack_lib11application8commands14handle_version0Cs8uoVYB8rq8D_17build_client_full
FN:77,_RNCNvNtNtCshmQA5Mrgi1L_10empack_lib11application8commands19handle_requirements0Cs8uoVYB8rq8D_17build_client_full
FN:55,_RNCNvNtNtCshmQA5Mrgi1L_10empack_lib11application8commands28execute_command_with_session0Cs8uoVYB8rq8D_17build_client_full
FN:236,_RNCNCNCNvNtNtCshmQA5Mrgi1L_10empack_lib11application8commands11handle_init0s_00Csj8HZQhsijMc_12build_server
FN:594,_RNCNCNvNtNtCshmQA5Mrgi1L_10empack_lib11application8commands10handle_add00Csj8HZQhsijMc_12build_server
FN:655,_RNCNCNvNtNtCshmQA5Mrgi1L_10empack_lib11application8commands10handle_add0s0_0Csj8HZQhsijMc_12build_server
FN:696,_RNCNCNvNtNtCshmQA5Mrgi1L_10empack_lib11application8commands10handle_add0s1_0Csj8HZQhsijMc_12build_server
FN:654,_RNCNCNvNtNtCshmQA5Mrgi1L_10empack_lib11application8commands10handle_add0s_0Csj8HZQhsijMc_12build_server
FN:200,_RNCNCNvNtNtCshmQA5Mrgi1L_10empack_lib11application8commands11handle_init00Csj8HZQhsijMc_12build_server
FN:308,_RNCNCNvNtNtCshmQA5Mrgi1L_10empack_lib11application8commands11handle_init0s0_0Csj8HZQhsijMc_12build_server
FN:349,_RNCNCNvNtNtCshmQA5Mrgi1L_10empack_lib11application8commands11handle_init0s1_0Csj8HZQhsijMc_12build_server
FN:233,_RNCNCNvNtNtCshmQA5Mrgi1L_10empack_lib11application8commands11handle_init0s_0Csj8HZQhsijMc_12build_server
FN:1282,_RNCNCNvNtNtCshmQA5Mrgi1L_10empack_lib11application8commands11handle_sync00Csj8HZQhsijMc_12build_server
FN:1311,_RNCNCNvNtNtCshmQA5Mrgi1L_10empack_lib11application8commands11handle_sync0s0_0Csj8HZQhsijMc_12build_server
FN:1285,_RNCNCNvNtNtCshmQA5Mrgi1L_10empack_lib11application8commands11handle_sync0s_0Csj8HZQhsijMc_12build_server
FN:907,_RNCNCNvNtNtCshmQA5Mrgi1L_10empack_lib11application8commands12handle_build00Csj8HZQhsijMc_12build_server
FN:814,_RNCNCNvNtNtCshmQA5Mrgi1L_10empack_lib11application8commands13handle_remove00Csj8HZQhsijMc_12build_server
FN:115,_RNCNCNvNtNtCshmQA5Mrgi1L_10empack_lib11application8commands19handle_requirements0s1_0Csj8HZQhsijMc_12build_server
FN:132,_RNCNCNvNtNtCshmQA5Mrgi1L_10empack_lib11application8commands19handle_requirements0s3_0Csj8HZQhsijMc_12build_server
FN:574,_RNCNvNtNtCshmQA5Mrgi1L_10empack_lib11application8commands10handle_add0Csj8HZQhsijMc_12build_server
FN:173,_RNCNvNtNtCshmQA5Mrgi1L_10empack_lib11application8commands11handle_init0Csj8HZQhsijMc_12build_server
FN:1021,_RNCNvNtNtCshmQA5Mrgi1L_10empack_lib11application8commands11handle_sync0Csj8HZQhsijMc_12build_server
FN:868,_RNCNvNtNtCshmQA5Mrgi1L_10empack_lib11application8commands12handle_build0Csj8HZQhsijMc_12build_server
FN:980,_RNCNvNtNtCshmQA5Mrgi1L_10empack_lib11application8commands12handle_clean0Csj8HZQhsijMc_12build_server
FN:759,_RNCNvNtNtCshmQA5Mrgi1L_10empack_lib11application8commands13handle_remove0Csj8HZQhsijMc_12build_server
FN:148,_RNCNvNtNtCshmQA5Mrgi1L_10empack_lib11application8commands14handle_version0Csj8HZQhsijMc_12build_server
FN:77,_RNCNvNtNtCshmQA5Mrgi1L_10empack_lib11application8commands19handle_requirements0Csj8HZQhsijMc_12build_server
FN:55,_RNCNvNtNtCshmQA5Mrgi1L_10empack_lib11application8commands28execute_command_with_session0Csj8HZQhsijMc_12build_server
FN:236,_RNCNCNCNvNtNtCshmQA5Mrgi1L_10empack_lib11application8commands11handle_init0s_00CsdrRwdeEzguW_17build_server_full
FN:594,_RNCNCNvNtNtCshmQA5Mrgi1L_10empack_lib11application8commands10handle_add00CsdrRwdeEzguW_17build_server_full
FN:655,_RNCNCNvNtNtCshmQA5Mrgi1L_10empack_lib11application8commands10handle_add0s0_0CsdrRwdeEzguW_17build_server_full
FN:696,_RNCNCNvNtNtCshmQA5Mrgi1L_10empack_lib11application8commands10handle_add0s1_0CsdrRwdeEzguW_17build_server_full
FN:654,_RNCNCNvNtNtCshmQA5Mrgi1L_10empack_lib11application8commands10handle_add0s_0CsdrRwdeEzguW_17build_server_full
FN:200,_RNCNCNvNtNtCshmQA5Mrgi1L_10empack_lib11application8commands11handle_init00CsdrRwdeEzguW_17build_server_full
FN:308,_RNCNCNvNtNtCshmQA5Mrgi1L_10empack_lib11application8commands11handle_init0s0_0CsdrRwdeEzguW_17build_server_full
FN:349,_RNCNCNvNtNtCshmQA5Mrgi1L_10empack_lib11application8commands11handle_init0s1_0CsdrRwdeEzguW_17build_server_full
FN:233,_RNCNCNvNtNtCshmQA5Mrgi1L_10empack_lib11application8commands11handle_init0s_0CsdrRwdeEzguW_17build_server_full
FN:1282,_RNCNCNvNtNtCshmQA5Mrgi1L_10empack_lib11application8commands11handle_sync00CsdrRwdeEzguW_17build_server_full
FN:1311,_RNCNCNvNtNtCshmQA5Mrgi1L_10empack_lib11application8commands11handle_sync0s0_0CsdrRwdeEzguW_17build_server_full
FN:1285,_RNCNCNvNtNtCshmQA5Mrgi1L_10empack_lib11application8commands11handle_sync0s_0CsdrRwdeEzguW_17build_server_full
FN:907,_RNCNCNvNtNtCshmQA5Mrgi1L_10empack_lib11application8commands12handle_build00CsdrRwdeEzguW_17build_server_full
FN:814,_RNCNCNvNtNtCshmQA5Mrgi1L_10empack_lib11application8commands13handle_remove00CsdrRwdeEzguW_17build_server_full
FN:115,_RNCNCNvNtNtCshmQA5Mrgi1L_10empack_lib11application8commands19handle_requirements0s1_0CsdrRwdeEzguW_17build_server_full
FN:132,_RNCNCNvNtNtCshmQA5Mrgi1L_10empack_lib11application8commands19handle_requirements0s3_0CsdrRwdeEzguW_17build_server_full
FN:574,_RNCNvNtNtCshmQA5Mrgi1L_10empack_lib11application8commands10handle_add0CsdrRwdeEzguW_17build_server_full
FN:173,_RNCNvNtNtCshmQA5Mrgi1L_10empack_lib11application8commands11handle_init0CsdrRwdeEzguW_17build_server_full
FN:1021,_RNCNvNtNtCshmQA5Mrgi1L_10empack_lib11application8commands11handle_sync0CsdrRwdeEzguW_17build_server_full
FN:868,_RNCNvNtNtCshmQA5Mrgi1L_10empack_lib11application8commands12handle_build0CsdrRwdeEzguW_17build_server_full
FN:980,_RNCNvNtNtCshmQA5Mrgi1L_10empack_lib11application8commands12handle_clean0CsdrRwdeEzguW_17build_server_full
FN:759,_RNCNvNtNtCshmQA5Mrgi1L_10empack_lib11application8commands13handle_remove0CsdrRwdeEzguW_17build_server_full
FN:148,_RNCNvNtNtCshmQA5Mrgi1L_10empack_lib11application8commands14handle_version0CsdrRwdeEzguW_17build_server_full
FN:77,_RNCNvNtNtCshmQA5Mrgi1L_10empack_lib11application8commands19handle_requirements0CsdrRwdeEzguW_17build_server_full
FN:55,_RNCNvNtNtCshmQA5Mrgi1L_10empack_lib11application8commands28execute_command_with_session0CsdrRwdeEzguW_17build_server_full
FN:236,_RNCNCNCNvNtNtCs5BmVzKVgC1k_10empack_lib11application8commands11handle_init0s_00Bb_
FN:594,_RNCNCNvNtNtCs5BmVzKVgC1k_10empack_lib11application8commands10handle_add00B9_
FN:655,_RNCNCNvNtNtCs5BmVzKVgC1k_10empack_lib11application8commands10handle_add0s0_0B9_
FN:696,_RNCNCNvNtNtCs5BmVzKVgC1k_10empack_lib11application8commands10handle_add0s1_0B9_
FN:654,_RNCNCNvNtNtCs5BmVzKVgC1k_10empack_lib11application8commands10handle_add0s_0B9_
FN:200,_RNCNCNvNtNtCs5BmVzKVgC1k_10empack_lib11application8commands11handle_init00B9_
FN:308,_RNCNCNvNtNtCs5BmVzKVgC1k_10empack_lib11application8commands11handle_init0s0_0B9_
FN:349,_RNCNCNvNtNtCs5BmVzKVgC1k_10empack_lib11application8commands11handle_init0s1_0B9_
FN:233,_RNCNCNvNtNtCs5BmVzKVgC1k_10empack_lib11application8commands11handle_init0s_0B9_
FN:1282,_RNCNCNvNtNtCs5BmVzKVgC1k_10empack_lib11application8commands11handle_sync00B9_
FN:1311,_RNCNCNvNtNtCs5BmVzKVgC1k_10empack_lib11application8commands11handle_sync0s0_0B9_
FN:1285,_RNCNCNvNtNtCs5BmVzKVgC1k_10empack_lib11application8commands11handle_sync0s_0B9_
FN:907,_RNCNCNvNtNtCs5BmVzKVgC1k_10empack_lib11application8commands12handle_build00B9_
FN:814,_RNCNCNvNtNtCs5BmVzKVgC1k_10empack_lib11application8commands13handle_remove00B9_
FN:115,_RNCNCNvNtNtCs5BmVzKVgC1k_10empack_lib11application8commands19handle_requirements0s1_0B9_
FN:132,_RNCNCNvNtNtCs5BmVzKVgC1k_10empack_lib11application8commands19handle_requirements0s3_0B9_
FN:574,_RNCNvNtNtCs5BmVzKVgC1k_10empack_lib11application8commands10handle_add0B7_
FN:173,_RNCNvNtNtCs5BmVzKVgC1k_10empack_lib11application8commands11handle_init0B7_
FN:1021,_RNCNvNtNtCs5BmVzKVgC1k_10empack_lib11application8commands11handle_sync0B7_
FN:868,_RNCNvNtNtCs5BmVzKVgC1k_10empack_lib11application8commands12handle_build0B7_
FN:980,_RNCNvNtNtCs5BmVzKVgC1k_10empack_lib11application8commands12handle_clean0B7_
FN:759,_RNCNvNtNtCs5BmVzKVgC1k_10empack_lib11application8commands13handle_remove0B7_
FN:148,_RNCNvNtNtCs5BmVzKVgC1k_10empack_lib11application8commands14handle_version0B7_
FN:77,_RNCNvNtNtCs5BmVzKVgC1k_10empack_lib11application8commands19handle_requirements0B7_
FN:31,_RNCNvNtNtCs5BmVzKVgC1k_10empack_lib11application8commands15execute_command0B7_
FN:55,_RNCNvNtNtCs5BmVzKVgC1k_10empack_lib11application8commands28execute_command_with_session0B7_
FN:31,_RNvNtNtCs5BmVzKVgC1k_10empack_lib11application8commands15execute_command
FN:55,_RNvNtNtCs5BmVzKVgC1k_10empack_lib11application8commands28execute_command_with_session
FN:569,_RNvNtNtCs5BmVzKVgC1k_10empack_lib11application8commands10handle_add
FN:173,_RNvNtNtCs5BmVzKVgC1k_10empack_lib11application8commands11handle_init
FN:1021,_RNvNtNtCs5BmVzKVgC1k_10empack_lib11application8commands11handle_sync
FN:868,_RNvNtNtCs5BmVzKVgC1k_10empack_lib11application8commands12handle_build
FN:980,_RNvNtNtCs5BmVzKVgC1k_10empack_lib11application8commands12handle_clean
FN:759,_RNvNtNtCs5BmVzKVgC1k_10empack_lib11application8commands13handle_remove
FN:148,_RNvNtNtCs5BmVzKVgC1k_10empack_lib11application8commands14handle_version
FN:77,_RNvNtNtCs5BmVzKVgC1k_10empack_lib11application8commands19handle_requirements
FN:1364,_RNvNtNtCs5BmVzKVgC1k_10empack_lib11application8commands19parse_build_targets
FN:236,_RNCNCNCNvNtNtCshmQA5Mrgi1L_10empack_lib11application8commands11handle_init0s_00CsaTeXJNQleyZ_12hermetic_e2e
FN:594,_RNCNCNvNtNtCshmQA5Mrgi1L_10empack_lib11application8commands10handle_add00CsaTeXJNQleyZ_12hermetic_e2e
FN:655,_RNCNCNvNtNtCshmQA5Mrgi1L_10empack_lib11application8commands10handle_add0s0_0CsaTeXJNQleyZ_12hermetic_e2e
FN:696,_RNCNCNvNtNtCshmQA5Mrgi1L_10empack_lib11application8commands10handle_add0s1_0CsaTeXJNQleyZ_12hermetic_e2e
FN:654,_RNCNCNvNtNtCshmQA5Mrgi1L_10empack_lib11application8commands10handle_add0s_0CsaTeXJNQleyZ_12hermetic_e2e
FN:200,_RNCNCNvNtNtCshmQA5Mrgi1L_10empack_lib11application8commands11handle_init00CsaTeXJNQleyZ_12hermetic_e2e
FN:308,_RNCNCNvNtNtCshmQA5Mrgi1L_10empack_lib11application8commands11handle_init0s0_0CsaTeXJNQleyZ_12hermetic_e2e
FN:349,_RNCNCNvNtNtCshmQA5Mrgi1L_10empack_lib11application8commands11handle_init0s1_0CsaTeXJNQleyZ_12hermetic_e2e
FN:233,_RNCNCNvNtNtCshmQA5Mrgi1L_10empack_lib11application8commands11handle_init0s_0CsaTeXJNQleyZ_12hermetic_e2e
FN:1282,_RNCNCNvNtNtCshmQA5Mrgi1L_10empack_lib11application8commands11handle_sync00CsaTeXJNQleyZ_12hermetic_e2e
FN:1311,_RNCNCNvNtNtCshmQA5Mrgi1L_10empack_lib11application8commands11handle_sync0s0_0CsaTeXJNQleyZ_12hermetic_e2e
FN:1285,_RNCNCNvNtNtCshmQA5Mrgi1L_10empack_lib11application8commands11handle_sync0s_0CsaTeXJNQleyZ_12hermetic_e2e
FN:907,_RNCNCNvNtNtCshmQA5Mrgi1L_10empack_lib11application8commands12handle_build00CsaTeXJNQleyZ_12hermetic_e2e
FN:814,_RNCNCNvNtNtCshmQA5Mrgi1L_10empack_lib11application8commands13handle_remove00CsaTeXJNQleyZ_12hermetic_e2e
FN:115,_RNCNCNvNtNtCshmQA5Mrgi1L_10empack_lib11application8commands19handle_requirements0s1_0CsaTeXJNQleyZ_12hermetic_e2e
FN:132,_RNCNCNvNtNtCshmQA5Mrgi1L_10empack_lib11application8commands19handle_requirements0s3_0CsaTeXJNQleyZ_12hermetic_e2e
FN:574,_RNCNvNtNtCshmQA5Mrgi1L_10empack_lib11application8commands10handle_add0CsaTeXJNQleyZ_12hermetic_e2e
FN:173,_RNCNvNtNtCshmQA5Mrgi1L_10empack_lib11application8commands11handle_init0CsaTeXJNQleyZ_12hermetic_e2e
FN:1021,_RNCNvNtNtCshmQA5Mrgi1L_10empack_lib11application8commands11handle_sync0CsaTeXJNQleyZ_12hermetic_e2e
FN:868,_RNCNvNtNtCshmQA5Mrgi1L_10empack_lib11application8commands12handle_build0CsaTeXJNQleyZ_12hermetic_e2e
FN:980,_RNCNvNtNtCshmQA5Mrgi1L_10empack_lib11application8commands12handle_clean0CsaTeXJNQleyZ_12hermetic_e2e
FN:759,_RNCNvNtNtCshmQA5Mrgi1L_10empack_lib11application8commands13handle_remove0CsaTeXJNQleyZ_12hermetic_e2e
FN:148,_RNCNvNtNtCshmQA5Mrgi1L_10empack_lib11application8commands14handle_version0CsaTeXJNQleyZ_12hermetic_e2e
FN:77,_RNCNvNtNtCshmQA5Mrgi1L_10empack_lib11application8commands19handle_requirements0CsaTeXJNQleyZ_12hermetic_e2e
FN:55,_RNCNvNtNtCshmQA5Mrgi1L_10empack_lib11application8commands28execute_command_with_session0CsaTeXJNQleyZ_12hermetic_e2e
FNDA:0,_RNCNCNCNvNtNtCshmQA5Mrgi1L_10empack_lib11application8commands11handle_init0s_00Csbc2rGA5VZid_11add_command
FNDA:0,_RNCNCNvNtNtCshmQA5Mrgi1L_10empack_lib11application8commands10handle_add00Csbc2rGA5VZid_11add_command
FNDA:0,_RNCNCNvNtNtCshmQA5Mrgi1L_10empack_lib11application8commands10handle_add0s0_0Csbc2rGA5VZid_11add_command
FNDA:1,_RNCNCNvNtNtCshmQA5Mrgi1L_10empack_lib11application8commands10handle_add0s1_0Csbc2rGA5VZid_11add_command
FNDA:0,_RNCNCNvNtNtCshmQA5Mrgi1L_10empack_lib11application8commands10handle_add0s_0Csbc2rGA5VZid_11add_command
FNDA:0,_RNCNCNvNtNtCshmQA5Mrgi1L_10empack_lib11application8commands11handle_init00Csbc2rGA5VZid_11add_command
FNDA:0,_RNCNCNvNtNtCshmQA5Mrgi1L_10empack_lib11application8commands11handle_init0s0_0Csbc2rGA5VZid_11add_command
FNDA:0,_RNCNCNvNtNtCshmQA5Mrgi1L_10empack_lib11application8commands11handle_init0s1_0Csbc2rGA5VZid_11add_command
FNDA:0,_RNCNCNvNtNtCshmQA5Mrgi1L_10empack_lib11application8commands11handle_init0s_0Csbc2rGA5VZid_11add_command
FNDA:0,_RNCNCNvNtNtCshmQA5Mrgi1L_10empack_lib11application8commands11handle_sync00Csbc2rGA5VZid_11add_command
FNDA:0,_RNCNCNvNtNtCshmQA5Mrgi1L_10empack_lib11application8commands11handle_sync0s0_0Csbc2rGA5VZid_11add_command
FNDA:0,_RNCNCNvNtNtCshmQA5Mrgi1L_10empack_lib11application8commands11handle_sync0s_0Csbc2rGA5VZid_11add_command
FNDA:0,_RNCNCNvNtNtCshmQA5Mrgi1L_10empack_lib11application8commands12handle_build00Csbc2rGA5VZid_11add_command
FNDA:0,_RNCNCNvNtNtCshmQA5Mrgi1L_10empack_lib11application8commands13handle_remove00Csbc2rGA5VZid_11add_command
FNDA:0,_RNCNCNvNtNtCshmQA5Mrgi1L_10empack_lib11application8commands19handle_requirements0s1_0Csbc2rGA5VZid_11add_command
FNDA:0,_RNCNCNvNtNtCshmQA5Mrgi1L_10empack_lib11application8commands19handle_requirements0s3_0Csbc2rGA5VZid_11add_command
FNDA:1,_RNCNvNtNtCshmQA5Mrgi1L_10empack_lib11application8commands10handle_add0Csbc2rGA5VZid_11add_command
FNDA:0,_RNCNvNtNtCshmQA5Mrgi1L_10empack_lib11application8commands11handle_init0Csbc2rGA5VZid_11add_command
FNDA:0,_RNCNvNtNtCshmQA5Mrgi1L_10empack_lib11application8commands11handle_sync0Csbc2rGA5VZid_11add_command
FNDA:0,_RNCNvNtNtCshmQA5Mrgi1L_10empack_lib11application8commands12handle_build0Csbc2rGA5VZid_11add_command
FNDA:0,_RNCNvNtNtCshmQA5Mrgi1L_10empack_lib11application8commands12handle_clean0Csbc2rGA5VZid_11add_command
FNDA:0,_RNCNvNtNtCshmQA5Mrgi1L_10empack_lib11application8commands13handle_remove0Csbc2rGA5VZid_11add_command
FNDA:0,_RNCNvNtNtCshmQA5Mrgi1L_10empack_lib11application8commands14handle_version0Csbc2rGA5VZid_11add_command
FNDA:0,_RNCNvNtNtCshmQA5Mrgi1L_10empack_lib11application8commands19handle_requirements0Csbc2rGA5VZid_11add_command
FNDA:1,_RNCNvNtNtCshmQA5Mrgi1L_10empack_lib11application8commands28execute_command_with_session0Csbc2rGA5VZid_11add_command
FNDA:0,_RNCNCNCNvNtNtCshmQA5Mrgi1L_10empack_lib11application8commands11handle_init0s_00Bb_
FNDA:0,_RNCNCNvNtNtCshmQA5Mrgi1L_10empack_lib11application8commands10handle_add00B9_
FNDA:0,_RNCNCNvNtNtCshmQA5Mrgi1L_10empack_lib11application8commands10handle_add0s0_0B9_
FNDA:0,_RNCNCNvNtNtCshmQA5Mrgi1L_10empack_lib11application8commands10handle_add0s1_0B9_
FNDA:0,_RNCNCNvNtNtCshmQA5Mrgi1L_10empack_lib11application8commands10handle_add0s_0B9_
FNDA:0,_RNCNCNvNtNtCshmQA5Mrgi1L_10empack_lib11application8commands11handle_init00B9_
FNDA:0,_RNCNCNvNtNtCshmQA5Mrgi1L_10empack_lib11application8commands11handle_init0s0_0B9_
FNDA:0,_RNCNCNvNtNtCshmQA5Mrgi1L_10empack_lib11application8commands11handle_init0s1_0B9_
FNDA:0,_RNCNCNvNtNtCshmQA5Mrgi1L_10empack_lib11application8commands11handle_init0s_0B9_
FNDA:0,_RNCNCNvNtNtCshmQA5Mrgi1L_10empack_lib11application8commands11handle_sync00B9_
FNDA:0,_RNCNCNvNtNtCshmQA5Mrgi1L_10empack_lib11application8commands11handle_sync0s0_0B9_
FNDA:0,_RNCNCNvNtNtCshmQA5Mrgi1L_10empack_lib11application8commands11handle_sync0s_0B9_
FNDA:0,_RNCNCNvNtNtCshmQA5Mrgi1L_10empack_lib11application8commands12handle_build00B9_
FNDA:0,_RNCNCNvNtNtCshmQA5Mrgi1L_10empack_lib11application8commands13handle_remove00B9_
FNDA:0,_RNCNCNvNtNtCshmQA5Mrgi1L_10empack_lib11application8commands19handle_requirements0s1_0B9_
FNDA:0,_RNCNCNvNtNtCshmQA5Mrgi1L_10empack_lib11application8commands19handle_requirements0s3_0B9_
FNDA:0,_RNCNvNtNtCshmQA5Mrgi1L_10empack_lib11application8commands10handle_add0B7_
FNDA:0,_RNCNvNtNtCshmQA5Mrgi1L_10empack_lib11application8commands11handle_init0B7_
FNDA:0,_RNCNvNtNtCshmQA5Mrgi1L_10empack_lib11application8commands11handle_sync0B7_
FNDA:0,_RNCNvNtNtCshmQA5Mrgi1L_10empack_lib11application8commands12handle_build0B7_
FNDA:0,_RNCNvNtNtCshmQA5Mrgi1L_10empack_lib11application8commands12handle_clean0B7_
FNDA:0,_RNCNvNtNtCshmQA5Mrgi1L_10empack_lib11application8commands13handle_remove0B7_
FNDA:0,_RNCNvNtNtCshmQA5Mrgi1L_10empack_lib11application8commands14handle_version0B7_
FNDA:0,_RNCNvNtNtCshmQA5Mrgi1L_10empack_lib11application8commands15execute_command0B7_
FNDA:0,_RNCNvNtNtCshmQA5Mrgi1L_10empack_lib11application8commands19handle_requirements0B7_
FNDA:0,_RNCNvNtNtCshmQA5Mrgi1L_10empack_lib11application8commands28execute_command_with_session0B7_
FNDA:2,_RNvNtNtCshmQA5Mrgi1L_10empack_lib11application8commands10handle_add
FNDA:0,_RNvNtNtCshmQA5Mrgi1L_10empack_lib11application8commands11handle_init
FNDA:0,_RNvNtNtCshmQA5Mrgi1L_10empack_lib11application8commands11handle_sync
FNDA:10,_RNvNtNtCshmQA5Mrgi1L_10empack_lib11application8commands12handle_build
FNDA:1,_RNvNtNtCshmQA5Mrgi1L_10empack_lib11application8commands12handle_clean
FNDA:0,_RNvNtNtCshmQA5Mrgi1L_10empack_lib11application8commands13handle_remove
FNDA:0,_RNvNtNtCshmQA5Mrgi1L_10empack_lib11application8commands14handle_version
FNDA:0,_RNvNtNtCshmQA5Mrgi1L_10empack_lib11application8commands15execute_command
FNDA:1,_RNvNtNtCshmQA5Mrgi1L_10empack_lib11application8commands19handle_requirements
FNDA:10,_RNvNtNtCshmQA5Mrgi1L_10empack_lib11application8commands19parse_build_targets
FNDA:14,_RNvNtNtCshmQA5Mrgi1L_10empack_lib11application8commands28execute_command_with_session
FNDA:0,_RNCNCNCNvNtNtCshmQA5Mrgi1L_10empack_lib11application8commands11handle_init0s_00Cs8uoVYB8rq8D_17build_client_full
FNDA:0,_RNCNCNvNtNtCshmQA5Mrgi1L_10empack_lib11application8commands10handle_add00Cs8uoVYB8rq8D_17build_client_full
FNDA:0,_RNCNCNvNtNtCshmQA5Mrgi1L_10empack_lib11application8commands10handle_add0s0_0Cs8uoVYB8rq8D_17build_client_full
FNDA:0,_RNCNCNvNtNtCshmQA5Mrgi1L_10empack_lib11application8commands10handle_add0s1_0Cs8uoVYB8rq8D_17build_client_full
FNDA:0,_RNCNCNvNtNtCshmQA5Mrgi1L_10empack_lib11application8commands10handle_add0s_0Cs8uoVYB8rq8D_17build_client_full
FNDA:0,_RNCNCNvNtNtCshmQA5Mrgi1L_10empack_lib11application8commands11handle_init00Cs8uoVYB8rq8D_17build_client_full
FNDA:0,_RNCNCNvNtNtCshmQA5Mrgi1L_10empack_lib11application8commands11handle_init0s0_0Cs8uoVYB8rq8D_17build_client_full
FNDA:0,_RNCNCNvNtNtCshmQA5Mrgi1L_10empack_lib11application8commands11handle_init0s1_0Cs8uoVYB8rq8D_17build_client_full
FNDA:0,_RNCNCNvNtNtCshmQA5Mrgi1L_10empack_lib11application8commands11handle_init0s_0Cs8uoVYB8rq8D_17build_client_full
FNDA:0,_RNCNCNvNtNtCshmQA5Mrgi1L_10empack_lib11application8commands11handle_sync00Cs8uoVYB8rq8D_17build_client_full
FNDA:0,_RNCNCNvNtNtCshmQA5Mrgi1L_10empack_lib11application8commands11handle_sync0s0_0Cs8uoVYB8rq8D_17build_client_full
FNDA:0,_RNCNCNvNtNtCshmQA5Mrgi1L_10empack_lib11application8commands11handle_sync0s_0Cs8uoVYB8rq8D_17build_client_full
FNDA:3,_RNCNCNvNtNtCshmQA5Mrgi1L_10empack_lib11application8commands12handle_build00Cs8uoVYB8rq8D_17build_client_full
FNDA:0,_RNCNCNvNtNtCshmQA5Mrgi1L_10empack_lib11application8commands13handle_remove00Cs8uoVYB8rq8D_17build_client_full
FNDA:0,_RNCNCNvNtNtCshmQA5Mrgi1L_10empack_lib11application8commands19handle_requirements0s1_0Cs8uoVYB8rq8D_17build_client_full
FNDA:0,_RNCNCNvNtNtCshmQA5Mrgi1L_10empack_lib11application8commands19handle_requirements0s3_0Cs8uoVYB8rq8D_17build_client_full
FNDA:0,_RNCNvNtNtCshmQA5Mrgi1L_10empack_lib11application8commands10handle_add0Cs8uoVYB8rq8D_17build_client_full
FNDA:0,_RNCNvNtNtCshmQA5Mrgi1L_10empack_lib11application8commands11handle_init0Cs8uoVYB8rq8D_17build_client_full
FNDA:0,_RNCNvNtNtCshmQA5Mrgi1L_10empack_lib11application8commands11handle_sync0Cs8uoVYB8rq8D_17build_client_full
FNDA:3,_RNCNvNtNtCshmQA5Mrgi1L_10empack_lib11application8commands12handle_build0Cs8uoVYB8rq8D_17build_client_full
FNDA:0,_RNCNvNtNtCshmQA5Mrgi1L_10empack_lib11application8commands12handle_clean0Cs8uoVYB8rq8D_17build_client_full
FNDA:0,_RNCNvNtNtCshmQA5Mrgi1L_10empack_lib11application8commands13handle_remove0Cs8uoVYB8rq8D_17build_client_full
FNDA:0,_RNCNvNtNtCshmQA5Mrgi1L_10empack_lib11application8commands14handle_version0Cs8uoVYB8rq8D_17build_client_full
FNDA:0,_RNCNvNtNtCshmQA5Mrgi1L_10empack_lib11application8commands19handle_requirements0Cs8uoVYB8rq8D_17build_client_full
FNDA:3,_RNCNvNtNtCshmQA5Mrgi1L_10empack_lib11application8commands28execute_command_with_session0Cs8uoVYB8rq8D_17build_client_full
FNDA:0,_RNCNCNCNvNtNtCshmQA5Mrgi1L_10empack_lib11application8commands11handle_init0s_00Csj8HZQhsijMc_12build_server
FNDA:0,_RNCNCNvNtNtCshmQA5Mrgi1L_10empack_lib11application8commands10handle_add00Csj8HZQhsijMc_12build_server
FNDA:0,_RNCNCNvNtNtCshmQA5Mrgi1L_10empack_lib11application8commands10handle_add0s0_0Csj8HZQhsijMc_12build_server
FNDA:0,_RNCNCNvNtNtCshmQA5Mrgi1L_10empack_lib11application8commands10handle_add0s1_0Csj8HZQhsijMc_12build_server
FNDA:0,_RNCNCNvNtNtCshmQA5Mrgi1L_10empack_lib11application8commands10handle_add0s_0Csj8HZQhsijMc_12build_server
FNDA:0,_RNCNCNvNtNtCshmQA5Mrgi1L_10empack_lib11application8commands11handle_init00Csj8HZQhsijMc_12build_server
FNDA:0,_RNCNCNvNtNtCshmQA5Mrgi1L_10empack_lib11application8commands11handle_init0s0_0Csj8HZQhsijMc_12build_server
FNDA:0,_RNCNCNvNtNtCshmQA5Mrgi1L_10empack_lib11application8commands11handle_init0s1_0Csj8HZQhsijMc_12build_server
FNDA:0,_RNCNCNvNtNtCshmQA5Mrgi1L_10empack_lib11application8commands11handle_init0s_0Csj8HZQhsijMc_12build_server
FNDA:0,_RNCNCNvNtNtCshmQA5Mrgi1L_10empack_lib11application8commands11handle_sync00Csj8HZQhsijMc_12build_server
FNDA:0,_RNCNCNvNtNtCshmQA5Mrgi1L_10empack_lib11application8commands11handle_sync0s0_0Csj8HZQhsijMc_12build_server
FNDA:0,_RNCNCNvNtNtCshmQA5Mrgi1L_10empack_lib11application8commands11handle_sync0s_0Csj8HZQhsijMc_12build_server
FNDA:3,_RNCNCNvNtNtCshmQA5Mrgi1L_10empack_lib11application8commands12handle_build00Csj8HZQhsijMc_12build_server
FNDA:0,_RNCNCNvNtNtCshmQA5Mrgi1L_10empack_lib11application8commands13handle_remove00Csj8HZQhsijMc_12build_server
FNDA:0,_RNCNCNvNtNtCshmQA5Mrgi1L_10empack_lib11application8commands19handle_requirements0s1_0Csj8HZQhsijMc_12build_server
FNDA:0,_RNCNCNvNtNtCshmQA5Mrgi1L_10empack_lib11application8commands19handle_requirements0s3_0Csj8HZQhsijMc_12build_server
FNDA:0,_RNCNvNtNtCshmQA5Mrgi1L_10empack_lib11application8commands10handle_add0Csj8HZQhsijMc_12build_server
FNDA:0,_RNCNvNtNtCshmQA5Mrgi1L_10empack_lib11application8commands11handle_init0Csj8HZQhsijMc_12build_server
FNDA:0,_RNCNvNtNtCshmQA5Mrgi1L_10empack_lib11application8commands11handle_sync0Csj8HZQhsijMc_12build_server
FNDA:3,_RNCNvNtNtCshmQA5Mrgi1L_10empack_lib11application8commands12handle_build0Csj8HZQhsijMc_12build_server
FNDA:0,_RNCNvNtNtCshmQA5Mrgi1L_10empack_lib11application8commands12handle_clean0Csj8HZQhsijMc_12build_server
FNDA:0,_RNCNvNtNtCshmQA5Mrgi1L_10empack_lib11application8commands13handle_remove0Csj8HZQhsijMc_12build_server
FNDA:0,_RNCNvNtNtCshmQA5Mrgi1L_10empack_lib11application8commands14handle_version0Csj8HZQhsijMc_12build_server
FNDA:0,_RNCNvNtNtCshmQA5Mrgi1L_10empack_lib11application8commands19handle_requirements0Csj8HZQhsijMc_12build_server
FNDA:3,_RNCNvNtNtCshmQA5Mrgi1L_10empack_lib11application8commands28execute_command_with_session0Csj8HZQhsijMc_12build_server
FNDA:0,_RNCNCNCNvNtNtCshmQA5Mrgi1L_10empack_lib11application8commands11handle_init0s_00CsdrRwdeEzguW_17build_server_full
FNDA:0,_RNCNCNvNtNtCshmQA5Mrgi1L_10empack_lib11application8commands10handle_add00CsdrRwdeEzguW_17build_server_full
FNDA:0,_RNCNCNvNtNtCshmQA5Mrgi1L_10empack_lib11application8commands10handle_add0s0_0CsdrRwdeEzguW_17build_server_full
FNDA:0,_RNCNCNvNtNtCshmQA5Mrgi1L_10empack_lib11application8commands10handle_add0s1_0CsdrRwdeEzguW_17build_server_full
FNDA:0,_RNCNCNvNtNtCshmQA5Mrgi1L_10empack_lib11application8commands10handle_add0s_0CsdrRwdeEzguW_17build_server_full
FNDA:0,_RNCNCNvNtNtCshmQA5Mrgi1L_10empack_lib11application8commands11handle_init00CsdrRwdeEzguW_17build_server_full
FNDA:0,_RNCNCNvNtNtCshmQA5Mrgi1L_10empack_lib11application8commands11handle_init0s0_0CsdrRwdeEzguW_17build_server_full
FNDA:0,_RNCNCNvNtNtCshmQA5Mrgi1L_10empack_lib11application8commands11handle_init0s1_0CsdrRwdeEzguW_17build_server_full
FNDA:0,_RNCNCNvNtNtCshmQA5Mrgi1L_10empack_lib11application8commands11handle_init0s_0CsdrRwdeEzguW_17build_server_full
FNDA:0,_RNCNCNvNtNtCshmQA5Mrgi1L_10empack_lib11application8commands11handle_sync00CsdrRwdeEzguW_17build_server_full
FNDA:0,_RNCNCNvNtNtCshmQA5Mrgi1L_10empack_lib11application8commands11handle_sync0s0_0CsdrRwdeEzguW_17build_server_full
FNDA:0,_RNCNCNvNtNtCshmQA5Mrgi1L_10empack_lib11application8commands11handle_sync0s_0CsdrRwdeEzguW_17build_server_full
FNDA:3,_RNCNCNvNtNtCshmQA5Mrgi1L_10empack_lib11application8commands12handle_build00CsdrRwdeEzguW_17build_server_full
FNDA:0,_RNCNCNvNtNtCshmQA5Mrgi1L_10empack_lib11application8commands13handle_remove00CsdrRwdeEzguW_17build_server_full
FNDA:0,_RNCNCNvNtNtCshmQA5Mrgi1L_10empack_lib11application8commands19handle_requirements0s1_0CsdrRwdeEzguW_17build_server_full
FNDA:0,_RNCNCNvNtNtCshmQA5Mrgi1L_10empack_lib11application8commands19handle_requirements0s3_0CsdrRwdeEzguW_17build_server_full
FNDA:0,_RNCNvNtNtCshmQA5Mrgi1L_10empack_lib11application8commands10handle_add0CsdrRwdeEzguW_17build_server_full
FNDA:0,_RNCNvNtNtCshmQA5Mrgi1L_10empack_lib11application8commands11handle_init0CsdrRwdeEzguW_17build_server_full
FNDA:0,_RNCNvNtNtCshmQA5Mrgi1L_10empack_lib11application8commands11handle_sync0CsdrRwdeEzguW_17build_server_full
FNDA:3,_RNCNvNtNtCshmQA5Mrgi1L_10empack_lib11application8commands12handle_build0CsdrRwdeEzguW_17build_server_full
FNDA:0,_RNCNvNtNtCshmQA5Mrgi1L_10empack_lib11application8commands12handle_clean0CsdrRwdeEzguW_17build_server_full
FNDA:0,_RNCNvNtNtCshmQA5Mrgi1L_10empack_lib11application8commands13handle_remove0CsdrRwdeEzguW_17build_server_full
FNDA:0,_RNCNvNtNtCshmQA5Mrgi1L_10empack_lib11application8commands14handle_version0CsdrRwdeEzguW_17build_server_full
FNDA:0,_RNCNvNtNtCshmQA5Mrgi1L_10empack_lib11application8commands19handle_requirements0CsdrRwdeEzguW_17build_server_full
FNDA:3,_RNCNvNtNtCshmQA5Mrgi1L_10empack_lib11application8commands28execute_command_with_session0CsdrRwdeEzguW_17build_server_full
FNDA:0,_RNCNCNCNvNtNtCs5BmVzKVgC1k_10empack_lib11application8commands11handle_init0s_00Bb_
FNDA:0,_RNCNCNvNtNtCs5BmVzKVgC1k_10empack_lib11application8commands10handle_add00B9_
FNDA:0,_RNCNCNvNtNtCs5BmVzKVgC1k_10empack_lib11application8commands10handle_add0s0_0B9_
FNDA:1,_RNCNCNvNtNtCs5BmVzKVgC1k_10empack_lib11application8commands10handle_add0s1_0B9_
FNDA:0,_RNCNCNvNtNtCs5BmVzKVgC1k_10empack_lib11application8commands10handle_add0s_0B9_
FNDA:0,_RNCNCNvNtNtCs5BmVzKVgC1k_10empack_lib11application8commands11handle_init00B9_
FNDA:0,_RNCNCNvNtNtCs5BmVzKVgC1k_10empack_lib11application8commands11handle_init0s0_0B9_
FNDA:0,_RNCNCNvNtNtCs5BmVzKVgC1k_10empack_lib11application8commands11handle_init0s1_0B9_
FNDA:0,_RNCNCNvNtNtCs5BmVzKVgC1k_10empack_lib11application8commands11handle_init0s_0B9_
FNDA:0,_RNCNCNvNtNtCs5BmVzKVgC1k_10empack_lib11application8commands11handle_sync00B9_
FNDA:0,_RNCNCNvNtNtCs5BmVzKVgC1k_10empack_lib11application8commands11handle_sync0s0_0B9_
FNDA:0,_RNCNCNvNtNtCs5BmVzKVgC1k_10empack_lib11application8commands11handle_sync0s_0B9_
FNDA:5,_RNCNCNvNtNtCs5BmVzKVgC1k_10empack_lib11application8commands12handle_build00B9_
FNDA:4,_RNCNCNvNtNtCs5BmVzKVgC1k_10empack_lib11application8commands13handle_remove00B9_
FNDA:4,_RNCNCNvNtNtCs5BmVzKVgC1k_10empack_lib11application8commands19handle_requirements0s1_0B9_
FNDA:4,_RNCNCNvNtNtCs5BmVzKVgC1k_10empack_lib11application8commands19handle_requirements0s3_0B9_
FNDA:5,_RNCNvNtNtCs5BmVzKVgC1k_10empack_lib11application8commands10handle_add0B7_
FNDA:3,_RNCNvNtNtCs5BmVzKVgC1k_10empack_lib11application8commands11handle_init0B7_
FNDA:5,_RNCNvNtNtCs5BmVzKVgC1k_10empack_lib11application8commands11handle_sync0B7_
FNDA:5,_RNCNvNtNtCs5BmVzKVgC1k_10empack_lib11application8commands12handle_build0B7_
FNDA:4,_RNCNvNtNtCs5BmVzKVgC1k_10empack_lib11application8commands12handle_clean0B7_
FNDA:5,_RNCNvNtNtCs5BmVzKVgC1k_10empack_lib11application8commands13handle_remove0B7_
FNDA:1,_RNCNvNtNtCs5BmVzKVgC1k_10empack_lib11application8commands14handle_version0B7_
FNDA:2,_RNCNvNtNtCs5BmVzKVgC1k_10empack_lib11application8commands19handle_requirements0B7_
FNDA:0,_RNCNvNtNtCs5BmVzKVgC1k_10empack_lib11application8commands15execute_command0B7_
FNDA:0,_RNCNvNtNtCs5BmVzKVgC1k_10empack_lib11application8commands28execute_command_with_session0B7_
FNDA:0,_RNvNtNtCs5BmVzKVgC1k_10empack_lib11application8commands15execute_command
FNDA:0,_RNvNtNtCs5BmVzKVgC1k_10empack_lib11application8commands28execute_command_with_session
FNDA:5,_RNvNtNtCs5BmVzKVgC1k_10empack_lib11application8commands10handle_add
FNDA:3,_RNvNtNtCs5BmVzKVgC1k_10empack_lib11application8commands11handle_init
FNDA:5,_RNvNtNtCs5BmVzKVgC1k_10empack_lib11application8commands11handle_sync
FNDA:5,_RNvNtNtCs5BmVzKVgC1k_10empack_lib11application8commands12handle_build
FNDA:4,_RNvNtNtCs5BmVzKVgC1k_10empack_lib11application8commands12handle_clean
FNDA:5,_RNvNtNtCs5BmVzKVgC1k_10empack_lib11application8commands13handle_remove
FNDA:1,_RNvNtNtCs5BmVzKVgC1k_10empack_lib11application8commands14handle_version
FNDA:2,_RNvNtNtCs5BmVzKVgC1k_10empack_lib11application8commands19handle_requirements
FNDA:9,_RNvNtNtCs5BmVzKVgC1k_10empack_lib11application8commands19parse_build_targets
FNDA:0,_RNCNCNCNvNtNtCshmQA5Mrgi1L_10empack_lib11application8commands11handle_init0s_00CsaTeXJNQleyZ_12hermetic_e2e
FNDA:0,_RNCNCNvNtNtCshmQA5Mrgi1L_10empack_lib11application8commands10handle_add00CsaTeXJNQleyZ_12hermetic_e2e
FNDA:0,_RNCNCNvNtNtCshmQA5Mrgi1L_10empack_lib11application8commands10handle_add0s0_0CsaTeXJNQleyZ_12hermetic_e2e
FNDA:1,_RNCNCNvNtNtCshmQA5Mrgi1L_10empack_lib11application8commands10handle_add0s1_0CsaTeXJNQleyZ_12hermetic_e2e
FNDA:0,_RNCNCNvNtNtCshmQA5Mrgi1L_10empack_lib11application8commands10handle_add0s_0CsaTeXJNQleyZ_12hermetic_e2e
FNDA:0,_RNCNCNvNtNtCshmQA5Mrgi1L_10empack_lib11application8commands11handle_init00CsaTeXJNQleyZ_12hermetic_e2e
FNDA:0,_RNCNCNvNtNtCshmQA5Mrgi1L_10empack_lib11application8commands11handle_init0s0_0CsaTeXJNQleyZ_12hermetic_e2e
FNDA:0,_RNCNCNvNtNtCshmQA5Mrgi1L_10empack_lib11application8commands11handle_init0s1_0CsaTeXJNQleyZ_12hermetic_e2e
FNDA:0,_RNCNCNvNtNtCshmQA5Mrgi1L_10empack_lib11application8commands11handle_init0s_0CsaTeXJNQleyZ_12hermetic_e2e
FNDA:0,_RNCNCNvNtNtCshmQA5Mrgi1L_10empack_lib11application8commands11handle_sync00CsaTeXJNQleyZ_12hermetic_e2e
FNDA:0,_RNCNCNvNtNtCshmQA5Mrgi1L_10empack_lib11application8commands11handle_sync0s0_0CsaTeXJNQleyZ_12hermetic_e2e
FNDA:0,_RNCNCNvNtNtCshmQA5Mrgi1L_10empack_lib11application8commands11handle_sync0s_0CsaTeXJNQleyZ_12hermetic_e2e
FNDA:1,_RNCNCNvNtNtCshmQA5Mrgi1L_10empack_lib11application8commands12handle_build00CsaTeXJNQleyZ_12hermetic_e2e
FNDA:0,_RNCNCNvNtNtCshmQA5Mrgi1L_10empack_lib11application8commands13handle_remove00CsaTeXJNQleyZ_12hermetic_e2e
FNDA:2,_RNCNCNvNtNtCshmQA5Mrgi1L_10empack_lib11application8commands19handle_requirements0s1_0CsaTeXJNQleyZ_12hermetic_e2e
FNDA:2,_RNCNCNvNtNtCshmQA5Mrgi1L_10empack_lib11application8commands19handle_requirements0s3_0CsaTeXJNQleyZ_12hermetic_e2e
FNDA:1,_RNCNvNtNtCshmQA5Mrgi1L_10empack_lib11application8commands10handle_add0CsaTeXJNQleyZ_12hermetic_e2e
FNDA:0,_RNCNvNtNtCshmQA5Mrgi1L_10empack_lib11application8commands11handle_init0CsaTeXJNQleyZ_12hermetic_e2e
FNDA:0,_RNCNvNtNtCshmQA5Mrgi1L_10empack_lib11application8commands11handle_sync0CsaTeXJNQleyZ_12hermetic_e2e
FNDA:1,_RNCNvNtNtCshmQA5Mrgi1L_10empack_lib11application8commands12handle_build0CsaTeXJNQleyZ_12hermetic_e2e
FNDA:1,_RNCNvNtNtCshmQA5Mrgi1L_10empack_lib11application8commands12handle_clean0CsaTeXJNQleyZ_12hermetic_e2e
FNDA:0,_RNCNvNtNtCshmQA5Mrgi1L_10empack_lib11application8commands13handle_remove0CsaTeXJNQleyZ_12hermetic_e2e
FNDA:0,_RNCNvNtNtCshmQA5Mrgi1L_10empack_lib11application8commands14handle_version0CsaTeXJNQleyZ_12hermetic_e2e
FNDA:1,_RNCNvNtNtCshmQA5Mrgi1L_10empack_lib11application8commands19handle_requirements0CsaTeXJNQleyZ_12hermetic_e2e
FNDA:4,_RNCNvNtNtCshmQA5Mrgi1L_10empack_lib11application8commands28execute_command_with_session0CsaTeXJNQleyZ_12hermetic_e2e
FNF:37
FNH:24
DA:31,0
DA:33,0
DA:35,0
DA:36,0
DA:38,0
DA:39,0
DA:40,0
DA:41,0
DA:42,0
DA:43,0
DA:44,0
DA:45,0
DA:46,0
DA:51,0
DA:52,0
DA:55,14
DA:56,14
DA:57,1
DA:58,0
DA:59,0
DA:61,2
DA:62,2
DA:63,2
DA:64,2
DA:65,0
DA:67,10
DA:68,10
DA:70,10
DA:71,1
DA:72,0
DA:74,14
DA:77,3
DA:78,3
DA:79,3
DA:80,3
DA:81,3
DA:84,3
DA:85,3
DA:86,2
DA:87,2
DA:88,2
DA:90,1
DA:91,1
DA:92,1
DA:93,1
DA:94,1
DA:95,1
DA:96,1
DA:97,1
DA:98,1
DA:99,1
DA:100,1
DA:105,3
DA:106,3
DA:108,3
DA:109,3
DA:111,3
DA:112,3
DA:113,3
DA:114,3
DA:115,6
DA:116,3
DA:117,3
DA:118,3
DA:119,3
DA:121,0
DA:122,0
DA:123,0
DA:124,0
DA:125,0
DA:126,0
DA:128,3
DA:129,3
DA:130,3
DA:131,3
DA:132,6
DA:133,3
DA:134,3
DA:135,3
DA:136,3
DA:138,0
DA:139,0
DA:140,0
DA:141,0
DA:142,0
DA:143,0
DA:145,3
DA:146,3
DA:148,1
DA:149,1
DA:150,1
DA:151,1
DA:152,1
DA:153,1
DA:154,1
DA:155,1
DA:156,1
DA:157,1
DA:159,1
DA:160,1
DA:161,1
DA:162,1
DA:163,1
DA:164,1
DA:165,1
DA:166,1
DA:168,1
DA:170,1
DA:171,1
DA:173,3
DA:175,3
DA:176,3
DA:177,3
DA:178,3
DA:179,3
DA:180,3
DA:181,3
DA:182,3
DA:184,3
DA:185,3
DA:186,3
DA:187,3
DA:188,3
DA:189,3
DA:190,0
DA:192,3
DA:194,0
DA:195,0
DA:196,0
DA:197,0
DA:198,0
DA:199,0
DA:200,0
DA:201,0
DA:202,0
DA:203,0
DA:204,0
DA:205,0
DA:206,0
DA:210,3
DA:211,3
DA:214,3
DA:215,3
DA:216,0
DA:217,0
DA:218,0
DA:219,0
DA:220,0
DA:221,0
DA:222,0
DA:223,0
DA:224,0
DA:225,3
DA:227,3
DA:228,3
DA:229,3
DA:230,3
DA:233,3
DA:234,0
DA:235,0
DA:236,0
DA:237,0
DA:238,0
DA:239,0
DA:242,3
DA:243,3
DA:244,3
DA:245,3
DA:247,0
DA:248,0
DA:249,0
DA:250,0
DA:252,0
DA:253,0
DA:254,0
DA:255,0
DA:258,0
DA:259,0
DA:262,0
DA:263,0
DA:264,0
DA:265,0
DA:266,0
DA:267,0
DA:268,0
DA:269,0
DA:270,0
DA:271,0
DA:272,0
DA:274,0
DA:275,0
DA:276,0
DA:277,0
DA:278,0
DA:279,0
DA:280,0
DA:285,0
DA:286,0
DA:287,0
DA:288,0
DA:289,0
DA:290,0
DA:293,0
DA:294,0
DA:295,0
DA:296,0
DA:297,0
DA:298,0
DA:299,0
DA:301,0
DA:302,0
DA:303,0
DA:304,0
DA:305,0
DA:307,0
DA:308,0
DA:309,0
DA:310,0
DA:311,0
DA:312,0
DA:313,0
DA:315,0
DA:316,0
DA:317,0
DA:318,0
DA:319,0
DA:320,0
DA:321,0
DA:322,0
DA:323,0
DA:324,0
DA:325,0
DA:326,0
DA:327,0
DA:328,0
DA:334,0
DA:335,0
DA:336,0
DA:337,0
DA:339,0
DA:340,0
DA:341,0
DA:342,0
DA:343,0
DA:344,0
DA:347,0
DA:348,0
DA:349,0
DA:350,0
DA:351,0
DA:352,0
DA:353,0
DA:354,0
DA:355,0
DA:356,0
DA:357,0
DA:360,0
DA:361,0
DA:362,0
DA:363,0
DA:364,0
DA:366,0
DA:367,0
DA:368,0
DA:370,0
DA:371,0
DA:372,0
DA:373,0
DA:374,0
DA:375,0
DA:377,0
DA:378,0
DA:379,0
DA:380,0
DA:381,0
DA:382,0
DA:383,0
DA:384,0
DA:385,0
DA:391,0
DA:392,0
DA:393,0
DA:395,0
DA:396,0
DA:397,0
DA:398,0
DA:399,0
DA:400,0
DA:402,0
DA:403,0
DA:404,0
DA:405,0
DA:406,0
DA:407,0
DA:408,0
DA:409,0
DA:410,0
DA:416,0
DA:417,0
DA:418,0
DA:420,0
DA:421,0
DA:422,0
DA:423,0
DA:424,0
DA:425,0
DA:427,0
DA:428,0
DA:429,0
DA:430,0
DA:431,0
DA:432,0
DA:433,0
DA:434,0
DA:435,0
DA:441,0
DA:442,0
DA:443,0
DA:445,0
DA:446,0
DA:447,0
DA:448,0
DA:449,0
DA:450,0
DA:452,0
DA:453,0
DA:454,0
DA:455,0
DA:456,0
DA:457,0
DA:458,0
DA:459,0
DA:460,0
DA:468,0
DA:469,0
DA:470,0
DA:471,0
DA:472,0
DA:473,0
DA:476,0
DA:477,0
DA:478,0
DA:479,0
DA:480,0
DA:481,0
DA:482,0
DA:483,0
DA:484,0
DA:485,0
DA:486,0
DA:487,0
DA:488,0
DA:489,0
DA:490,0
DA:491,0
DA:492,0
DA:493,0
DA:494,0
DA:495,0
DA:496,0
DA:499,0
DA:500,0
DA:501,0
DA:502,0
DA:504,0
DA:505,0
DA:506,0
DA:507,0
DA:508,0
DA:509,0
DA:510,0
DA:513,0
DA:514,0
DA:515,0
DA:516,0
DA:517,0
DA:518,0
DA:519,0
DA:520,0
DA:521,0
DA:522,0
DA:526,0
DA:527,0
DA:528,0
DA:531,0
DA:532,0
DA:533,0
DA:534,0
DA:535,0
DA:536,0
DA:537,0
DA:538,0
DA:539,0
DA:540,0
DA:541,0
DA:542,0
DA:544,0
DA:545,0
DA:546,0
DA:547,0
DA:548,0
DA:549,0
DA:550,0
DA:551,0
DA:552,0
DA:553,0
DA:554,0
DA:555,0
DA:556,0
DA:557,0
DA:559,0
DA:560,0
DA:561,0
DA:562,0
DA:566,0
DA:567,3
DA:569,7
DA:570,7
DA:571,7
DA:572,7
DA:573,7
DA:574,7
DA:577,7
DA:578,1
DA:579,1
DA:580,1
DA:581,1
DA:582,1
DA:583,1
DA:584,1
DA:585,1
DA:586,1
DA:587,6
DA:589,6
DA:592,6
DA:593,6
DA:594,6
DA:595,6
DA:596,1
DA:597,1
DA:598,1
DA:599,1
DA:600,1
DA:601,1
DA:602,1
DA:603,1
DA:604,1
DA:605,5
DA:608,5
DA:609,5
DA:610,5
DA:613,5
DA:614,0
DA:616,5
DA:617,5
DA:618,5
DA:619,5
DA:620,5
DA:625,5
DA:628,5
DA:629,5
DA:630,5
DA:631,5
DA:632,5
DA:635,5
DA:636,5
DA:637,5
DA:639,5
DA:640,5
DA:641,5
DA:642,5
DA:644,5
DA:645,5
DA:647,11
DA:648,6
DA:649,6
DA:650,6
DA:651,6
DA:654,6
DA:655,6
DA:656,0
DA:657,0
DA:658,0
DA:659,0
DA:660,0
DA:662,6
DA:663,6
DA:664,6
DA:666,3
DA:667,3
DA:668,3
DA:669,3
DA:671,3
DA:672,3
DA:673,3
DA:674,3
DA:677,3
DA:678,3
DA:679,3
DA:680,3
DA:681,3
DA:683,0
DA:684,0
DA:685,0
DA:686,0
DA:688,0
DA:689,0
DA:690,0
DA:691,0
DA:696,3
DA:697,3
DA:698,3
DA:700,0
DA:702,3
DA:704,3
DA:705,3
DA:706,3
DA:707,3
DA:708,3
DA:709,3
DA:710,3
DA:711,3
DA:712,0
DA:713,0
DA:714,0
DA:715,0
DA:716,0
DA:717,0
DA:718,0
DA:721,3
DA:722,3
DA:723,3
DA:724,3
DA:725,3
DA:726,3
DA:727,3
DA:732,5
DA:733,5
DA:734,5
DA:735,5
DA:736,5
DA:737,5
DA:738,5
DA:739,5
DA:740,5
DA:742,5
DA:743,2
DA:744,5
DA:745,3
DA:746,3
DA:747,3
DA:749,5
DA:750,3
DA:751,3
DA:752,3
DA:753,3
DA:754,3
DA:756,5
DA:757,7
DA:759,5
DA:760,5
DA:761,1
DA:762,1
DA:763,1
DA:764,1
DA:765,1
DA:766,1
DA:767,1
DA:768,1
DA:769,1
DA:770,4
DA:772,4
DA:775,4
DA:776,4
DA:777,1
DA:778,1
DA:779,1
DA:780,1
DA:781,1
DA:782,1
DA:783,1
DA:784,1
DA:785,1
DA:786,3
DA:788,3
DA:789,3
DA:790,3
DA:791,3
DA:794,3
DA:795,3
DA:796,3
DA:797,3
DA:799,7
DA:800,4
DA:801,4
DA:802,4
DA:803,4
DA:806,4
DA:807,4
DA:808,1
DA:809,3
DA:811,4
DA:812,4
DA:813,4
DA:814,4
DA:815,4
DA:816,4
DA:818,0
DA:820,4
DA:822,4
DA:823,4
DA:824,4
DA:825,4
DA:826,4
DA:827,4
DA:828,4
DA:829,4
DA:830,0
DA:831,0
DA:832,0
DA:833,0
DA:834,0
DA:835,0
DA:836,0
DA:841,3
DA:842,3
DA:843,3
DA:844,3
DA:845,3
DA:846,3
DA:847,3
DA:848,3
DA:849,3
DA:851,3
DA:852,0
DA:853,0
DA:854,0
DA:855,0
DA:856,3
DA:858,3
DA:859,3
DA:860,3
DA:861,3
DA:862,3
DA:863,3
DA:865,3
DA:866,5
DA:868,15
DA:869,15
DA:872,15
DA:873,15
DA:874,1
DA:875,1
DA:876,1
DA:877,1
DA:878,1
DA:879,1
DA:880,1
DA:881,1
DA:882,1
DA:883,14
DA:886,14
DA:887,1
DA:888,1
DA:889,1
DA:890,1
DA:891,1
DA:892,1
DA:893,1
DA:894,1
DA:895,13
DA:898,14
DA:900,14
DA:901,14
DA:902,14
DA:903,14
DA:906,14
DA:907,15
DA:908,2
DA:909,15
DA:915,15
DA:917,14
DA:918,0
DA:919,0
DA:920,0
DA:921,0
DA:924,0
DA:925,0
DA:926,0
DA:929,0
DA:930,0
DA:931,0
DA:932,0
DA:933,0
DA:934,0
DA:935,0
DA:937,0
DA:938,0
DA:939,0
DA:940,0
DA:941,0
DA:942,0
DA:944,0
DA:945,0
DA:946,0
DA:947,0
DA:950,0
DA:952,0
DA:953,0
DA:954,0
DA:955,0
DA:956,14
DA:959,14
DA:960,14
DA:963,14
DA:964,14
DA:965,14
DA:966,14
DA:968,12
DA:969,12
DA:970,12
DA:971,12
DA:972,12
DA:973,12
DA:974,12
DA:975,12
DA:977,12
DA:978,15
DA:980,5
DA:981,5
DA:983,5
DA:984,4
DA:985,2
DA:987,4
DA:988,4
DA:989,4
DA:990,4
DA:992,4
DA:993,4
DA:994,1
DA:995,1
DA:996,1
DA:997,1
DA:998,1
DA:999,1
DA:1000,1
DA:1001,1
DA:1002,3
DA:1003,3
DA:1004,3
DA:1005,3
DA:1006,3
DA:1007,3
DA:1008,1
DA:1010,5
DA:1011,2
DA:1012,2
DA:1013,2
DA:1014,2
DA:1015,2
DA:1016,3
DA:1018,5
DA:1019,5
DA:1021,5
DA:1022,5
DA:1025,5
DA:1026,5
DA:1027,1
DA:1028,1
DA:1029,1
DA:1030,1
DA:1031,1
DA:1032,1
DA:1033,1
DA:1034,1
DA:1035,1
DA:1036,4
DA:1039,4
DA:1040,4
DA:1041,4
DA:1044,4
DA:1045,4
DA:1046,4
DA:1049,0
DA:1052,0
DA:1053,0
DA:1054,0
DA:1055,0
DA:1056,0
DA:1059,0
DA:1060,0
DA:1061,0
DA:1063,0
DA:1064,0
DA:1065,0
DA:1066,0
DA:1067,0
DA:1068,0
DA:1069,0
DA:1070,0
DA:1073,0
DA:1074,0
DA:1075,0
DA:1076,0
DA:1077,0
DA:1078,0
DA:1079,0
DA:1081,0
DA:1082,0
DA:1083,0
DA:1084,0
DA:1085,0
DA:1086,0
DA:1087,0
DA:1088,0
DA:1089,0
DA:1090,0
DA:1095,0
DA:1096,0
DA:1099,0
DA:1100,0
DA:1102,0
DA:1103,0
DA:1107,0
DA:1108,0
DA:1109,0
DA:1110,0
DA:1111,0
DA:1112,0
DA:1115,0
DA:1116,0
DA:1117,0
DA:1118,0
DA:1119,0
DA:1120,0
DA:1121,0
DA:1124,0
DA:1126,0
DA:1127,0
DA:1128,0
DA:1129,0
DA:1132,0
DA:1133,0
DA:1134,0
DA:1135,0
DA:1136,0
DA:1137,0
DA:1140,0
DA:1141,0
DA:1142,0
DA:1143,0
DA:1144,0
DA:1145,0
DA:1146,0
DA:1147,0
DA:1149,0
DA:1150,0
DA:1152,0
DA:1154,0
DA:1155,0
DA:1156,0
DA:1157,0
DA:1161,0
DA:1162,0
DA:1163,0
DA:1164,0
DA:1165,0
DA:1167,0
DA:1168,0
DA:1169,0
DA:1170,0
DA:1172,0
DA:1173,0
DA:1174,0
DA:1175,0
DA:1179,0
DA:1181,0
DA:1182,0
DA:1183,0
DA:1184,0
DA:1185,0
DA:1186,0
DA:1191,0
DA:1192,0
DA:1193,0
DA:1194,0
DA:1195,0
DA:1199,0
DA:1200,0
DA:1201,0
DA:1202,0
DA:1203,0
DA:1204,0
DA:1205,0
DA:1209,0
DA:1210,0
DA:1211,0
DA:1212,0
DA:1213,0
DA:1214,0
DA:1215,0
DA:1217,0
DA:1218,0
DA:1219,0
DA:1221,0
DA:1222,0
DA:1223,0
DA:1225,0
DA:1226,0
DA:1227,0
DA:1228,0
DA:1229,0
DA:1230,0
DA:1231,0
DA:1232,0
DA:1233,0
DA:1234,0
DA:1236,0
DA:1237,0
DA:1238,0
DA:1239,0
DA:1240,0
DA:1241,0
DA:1242,0
DA:1243,0
DA:1244,0
DA:1245,0
DA:1246,0
DA:1251,0
DA:1252,0
DA:1253,0
DA:1254,0
DA:1255,0
DA:1256,0
DA:1257,0
DA:1260,0
DA:1261,0
DA:1262,0
DA:1263,0
DA:1264,0
DA:1265,0
DA:1267,0
DA:1268,0
DA:1270,0
DA:1271,0
DA:1272,0
DA:1274,0
DA:1275,0
DA:1276,0
DA:1277,0
DA:1278,0
DA:1279,0
DA:1280,0
DA:1281,0
DA:1282,0
DA:1283,0
DA:1285,0
DA:1286,0
DA:1287,0
DA:1289,0
DA:1291,0
DA:1292,0
DA:1293,0
DA:1294,0
DA:1295,0
DA:1296,0
DA:1297,0
DA:1298,0
DA:1299,0
DA:1300,0
DA:1303,0
DA:1304,0
DA:1305,0
DA:1306,0
DA:1307,0
DA:1308,0
DA:1309,0
DA:1310,0
DA:1311,0
DA:1312,0
DA:1313,0
DA:1315,0
DA:1317,0
DA:1318,0
DA:1319,0
DA:1320,0
DA:1321,0
DA:1322,0
DA:1323,0
DA:1324,0
DA:1325,0
DA:1326,0
DA:1327,0
DA:1328,0
DA:1329,0
DA:1336,0
DA:1337,0
DA:1338,0
DA:1339,0
DA:1340,0
DA:1341,0
DA:1342,0
DA:1343,0
DA:1344,0
DA:1346,0
DA:1347,0
DA:1348,0
DA:1349,0
DA:1350,0
DA:1351,0
DA:1352,0
DA:1353,0
DA:1354,0
DA:1355,0
DA:1356,0
DA:1358,0
DA:1359,5
DA:1364,19
DA:1365,19
DA:1366,1
DA:1367,18
DA:1369,18
DA:1371,35
DA:1372,20
DA:1373,20
DA:1374,2
DA:1375,2
DA:1376,2
DA:1377,2
DA:1378,2
DA:1379,2
DA:1380,2
DA:1382,18
DA:1383,17
DA:1384,13
DA:1385,7
DA:1386,4
DA:1387,1
DA:1391,15
DA:1392,19
BRF:0
BRH:0
LF:1066
LH:443
end_of_record
SF:/Users/zer0cell/production/empack/crates/empack-lib/src/application/commands.test.rs
FN:32,_RNCNvNtNtNtNtCs5BmVzKVgC1k_10empack_lib11application8commands5tests25handle_requirements_testss_28it_reports_packwiz_available0Bb_
FN:44,_RNCNvNtNtNtNtCs5BmVzKVgC1k_10empack_lib11application8commands5tests25handle_requirements_testss_30it_reports_packwiz_unavailable0Bb_
FN:287,_RNCNvNtNtNtNtCs5BmVzKVgC1k_10empack_lib11application8commands5tests19handle_remove_testss_25it_handles_empty_mod_list0Bb_
FN:300,_RNCNvNtNtNtNtCs5BmVzKVgC1k_10empack_lib11application8commands5tests19handle_remove_testss_32it_handles_uninitialized_project0Bb_
FN:265,_RNCNvNtNtNtNtCs5BmVzKVgC1k_10empack_lib11application8commands5tests19handle_remove_testss_32it_removes_mod_with_dependencies0Bb_
FN:224,_RNCNvNtNtNtNtCs5BmVzKVgC1k_10empack_lib11application8commands5tests19handle_remove_testss_34it_removes_single_mod_successfully0Bb_
FN:246,_RNCNvNtNtNtNtCs5BmVzKVgC1k_10empack_lib11application8commands5tests19handle_remove_testss_37it_removes_multiple_mods_successfully0Bb_
FN:693,_RNvNtNtNtCs5BmVzKVgC1k_10empack_lib11application8commands5testss_23test_sync_action_remove
FN:829,_RNvNtNtNtCs5BmVzKVgC1k_10empack_lib11application8commands5testss_25test_pack_name_validation
FN:674,_RNvNtNtNtCs5BmVzKVgC1k_10empack_lib11application8commands5testss_25test_sync_action_creation
FN:740,_RNvNtNtNtCs5BmVzKVgC1k_10empack_lib11application8commands5testss_26test_mod_loader_validation
FN:726,_RNvNtNtNtCs5BmVzKVgC1k_10empack_lib11application8commands5testss_28test_project_type_validation
FN:756,_RNvNtNtNtCs5BmVzKVgC1k_10empack_lib11application8commands5testss_29test_error_message_formatting
FN:766,_RNvNtNtNtCs5BmVzKVgC1k_10empack_lib11application8commands5testss_31test_success_message_formatting
FN:796,_RNvNtNtNtCs5BmVzKVgC1k_10empack_lib11application8commands5testss_32test_command_argument_validation
FN:813,_RNvNtNtNtCs5BmVzKVgC1k_10empack_lib11application8commands5testss_33test_minecraft_version_validation
FN:778,_RNvNtNtNtCs5BmVzKVgC1k_10empack_lib11application8commands5testss_33test_project_initialization_check
FN:711,_RNvNtNtNtCs5BmVzKVgC1k_10empack_lib11application8commands5testss_34test_build_target_validation_logic
FN:665,_RNvNtNtNtCs5BmVzKVgC1k_10empack_lib11application8commands5testss_35test_parse_build_targets_empty_list
FN:625,_RNvNtNtNtCs5BmVzKVgC1k_10empack_lib11application8commands5testss_36test_parse_build_targets_all_keyword
FN:637,_RNvNtNtNtCs5BmVzKVgC1k_10empack_lib11application8commands5testss_38test_parse_build_targets_single_target
FN:658,_RNvNtNtNtCs5BmVzKVgC1k_10empack_lib11application8commands5testss_39test_parse_build_targets_invalid_target
FN:647,_RNvNtNtNtCs5BmVzKVgC1k_10empack_lib11application8commands5testss_41test_parse_build_targets_multiple_targets
FN:62,_RNvNtNtNtNtCs5BmVzKVgC1k_10empack_lib11application8commands5tests17handle_init_testss_26it_initializes_new_project
FN:88,_RNvNtNtNtNtCs5BmVzKVgC1k_10empack_lib11application8commands5tests17handle_init_testss_33it_overwrites_existing_with_force
FN:76,_RNvNtNtNtNtCs5BmVzKVgC1k_10empack_lib11application8commands5tests17handle_init_testss_46it_refuses_to_overwrite_existing_without_force
FN:16,_RNCNvNtNtNtNtCs5BmVzKVgC1k_10empack_lib11application8commands5tests20handle_version_testss_31it_displays_version_information0Bb_
FN:287,_RNvNtNtNtNtCs5BmVzKVgC1k_10empack_lib11application8commands5tests19handle_remove_testss_25it_handles_empty_mod_list
FN:300,_RNvNtNtNtNtCs5BmVzKVgC1k_10empack_lib11application8commands5tests19handle_remove_testss_32it_handles_uninitialized_project
FN:265,_RNvNtNtNtNtCs5BmVzKVgC1k_10empack_lib11application8commands5tests19handle_remove_testss_32it_removes_mod_with_dependencies
FN:224,_RNvNtNtNtNtCs5BmVzKVgC1k_10empack_lib11application8commands5tests19handle_remove_testss_34it_removes_single_mod_successfully
FN:246,_RNvNtNtNtNtCs5BmVzKVgC1k_10empack_lib11application8commands5tests19handle_remove_testss_37it_removes_multiple_mods_successfully
FN:608,_RNCNvNtNtNtNtCs5BmVzKVgC1k_10empack_lib11application8commands5tests18handle_clean_testss_24it_handles_empty_targets0Bb_
FN:564,_RNCNvNtNtNtNtCs5BmVzKVgC1k_10empack_lib11application8commands5tests18handle_clean_testss_25it_cleans_build_artifacts0Bb_
FN:578,_RNCNvNtNtNtNtCs5BmVzKVgC1k_10empack_lib11application8commands5tests18handle_clean_testss_28it_cleans_all_when_requested0Bb_
FN:592,_RNCNvNtNtNtNtCs5BmVzKVgC1k_10empack_lib11application8commands5tests18handle_clean_testss_30it_cleans_cache_when_requested0Bb_
FN:168,_RNvNtNtNtNtCs5BmVzKVgC1k_10empack_lib11application8commands5tests16handle_add_testss_25it_handles_empty_mod_list
FN:196,_RNvNtNtNtNtCs5BmVzKVgC1k_10empack_lib11application8commands5tests16handle_add_testss_27it_handles_packwiz_failures
FN:106,_RNvNtNtNtNtCs5BmVzKVgC1k_10empack_lib11application8commands5tests16handle_add_testss_31it_adds_single_mod_successfully
FN:181,_RNvNtNtNtNtCs5BmVzKVgC1k_10empack_lib11application8commands5tests16handle_add_testss_32it_handles_uninitialized_project
FN:148,_RNvNtNtNtNtCs5BmVzKVgC1k_10empack_lib11application8commands5tests16handle_add_testss_34it_adds_multiple_mods_successfully
FN:321,_RNCNvNtNtNtNtCs5BmVzKVgC1k_10empack_lib11application8commands5tests17handle_sync_testss_19it_adds_missing_mod0Bb_
FN:342,_RNCNvNtNtNtNtCs5BmVzKVgC1k_10empack_lib11application8commands5tests17handle_sync_testss_20it_removes_extra_mod0Bb_
FN:362,_RNCNvNtNtNtNtCs5BmVzKVgC1k_10empack_lib11application8commands5tests17handle_sync_testss_28it_does_nothing_when_in_sync0Bb_
FN:405,_RNCNvNtNtNtNtCs5BmVzKVgC1k_10empack_lib11application8commands5tests17handle_sync_testss_32it_handles_uninitialized_project0Bb_
FN:382,_RNCNvNtNtNtNtCs5BmVzKVgC1k_10empack_lib11application8commands5tests17handle_sync_testss_35it_performs_dry_run_without_changes0Bb_
FN:321,_RNvNtNtNtNtCs5BmVzKVgC1k_10empack_lib11application8commands5tests17handle_sync_testss_19it_adds_missing_mod
FN:342,_RNvNtNtNtNtCs5BmVzKVgC1k_10empack_lib11application8commands5tests17handle_sync_testss_20it_removes_extra_mod
FN:362,_RNvNtNtNtNtCs5BmVzKVgC1k_10empack_lib11application8commands5tests17handle_sync_testss_28it_does_nothing_when_in_sync
FN:405,_RNvNtNtNtNtCs5BmVzKVgC1k_10empack_lib11application8commands5tests17handle_sync_testss_32it_handles_uninitialized_project
FN:382,_RNvNtNtNtNtCs5BmVzKVgC1k_10empack_lib11application8commands5tests17handle_sync_testss_35it_performs_dry_run_without_changes
FN:490,_RNvNtNtNtNtCs5BmVzKVgC1k_10empack_lib11application8commands5tests18handle_build_testss_21it_builds_all_targets
FN:426,_RNvNtNtNtNtCs5BmVzKVgC1k_10empack_lib11application8commands5tests18handle_build_testss_23it_builds_single_target
FN:462,_RNvNtNtNtNtCs5BmVzKVgC1k_10empack_lib11application8commands5tests18handle_build_testss_26it_builds_multiple_targets
FN:546,_RNvNtNtNtNtCs5BmVzKVgC1k_10empack_lib11application8commands5tests18handle_build_testss_32it_handles_uninitialized_project
FN:518,_RNvNtNtNtNtCs5BmVzKVgC1k_10empack_lib11application8commands5tests18handle_build_testss_37it_cleans_before_build_when_requested
FN:32,_RNvNtNtNtNtCs5BmVzKVgC1k_10empack_lib11application8commands5tests25handle_requirements_testss_28it_reports_packwiz_available
FN:44,_RNvNtNtNtNtCs5BmVzKVgC1k_10empack_lib11application8commands5tests25handle_requirements_testss_30it_reports_packwiz_unavailable
FN:817,_RNCNCNCNCNvNtNtNtCs5BmVzKVgC1k_10empack_lib11application8commands5testss_33test_minecraft_version_validation0000Bf_
FN:832,_RNCNCNCNvNtNtNtCs5BmVzKVgC1k_10empack_lib11application8commands5testss_25test_pack_name_validation000Bd_
FN:799,_RNCNCNCNvNtNtNtCs5BmVzKVgC1k_10empack_lib11application8commands5testss_32test_command_argument_validation000Bd_
FN:817,_RNCNCNCNvNtNtNtCs5BmVzKVgC1k_10empack_lib11application8commands5testss_33test_minecraft_version_validation000Bd_
FN:831,_RNCNCNvNtNtNtCs5BmVzKVgC1k_10empack_lib11application8commands5testss_25test_pack_name_validation00Bb_
FN:798,_RNCNCNvNtNtNtCs5BmVzKVgC1k_10empack_lib11application8commands5testss_32test_command_argument_validation00Bb_
FN:815,_RNCNCNvNtNtNtCs5BmVzKVgC1k_10empack_lib11application8commands5testss_33test_minecraft_version_validation00Bb_
FN:783,_RNCNCNvNtNtNtCs5BmVzKVgC1k_10empack_lib11application8commands5testss_33test_project_initialization_check00Bb_
FN:693,_RNCNvNtNtNtCs5BmVzKVgC1k_10empack_lib11application8commands5testss_23test_sync_action_remove0B9_
FN:829,_RNCNvNtNtNtCs5BmVzKVgC1k_10empack_lib11application8commands5testss_25test_pack_name_validation0B9_
FN:674,_RNCNvNtNtNtCs5BmVzKVgC1k_10empack_lib11application8commands5testss_25test_sync_action_creation0B9_
FN:740,_RNCNvNtNtNtCs5BmVzKVgC1k_10empack_lib11application8commands5testss_26test_mod_loader_validation0B9_
FN:726,_RNCNvNtNtNtCs5BmVzKVgC1k_10empack_lib11application8commands5testss_28test_project_type_validation0B9_
FN:756,_RNCNvNtNtNtCs5BmVzKVgC1k_10empack_lib11application8commands5testss_29test_error_message_formatting0B9_
FN:766,_RNCNvNtNtNtCs5BmVzKVgC1k_10empack_lib11application8commands5testss_31test_success_message_formatting0B9_
FN:796,_RNCNvNtNtNtCs5BmVzKVgC1k_10empack_lib11application8commands5testss_32test_command_argument_validation0B9_
FN:813,_RNCNvNtNtNtCs5BmVzKVgC1k_10empack_lib11application8commands5testss_33test_minecraft_version_validation0B9_
FN:778,_RNCNvNtNtNtCs5BmVzKVgC1k_10empack_lib11application8commands5testss_33test_project_initialization_check0B9_
FN:711,_RNCNvNtNtNtCs5BmVzKVgC1k_10empack_lib11application8commands5testss_34test_build_target_validation_logic0B9_
FN:665,_RNCNvNtNtNtCs5BmVzKVgC1k_10empack_lib11application8commands5testss_35test_parse_build_targets_empty_list0B9_
FN:625,_RNCNvNtNtNtCs5BmVzKVgC1k_10empack_lib11application8commands5testss_36test_parse_build_targets_all_keyword0B9_
FN:637,_RNCNvNtNtNtCs5BmVzKVgC1k_10empack_lib11application8commands5testss_38test_parse_build_targets_single_target0B9_
FN:658,_RNCNvNtNtNtCs5BmVzKVgC1k_10empack_lib11application8commands5testss_39test_parse_build_targets_invalid_target0B9_
FN:647,_RNCNvNtNtNtCs5BmVzKVgC1k_10empack_lib11application8commands5testss_41test_parse_build_targets_multiple_targets0B9_
FN:490,_RNCNvNtNtNtNtCs5BmVzKVgC1k_10empack_lib11application8commands5tests18handle_build_testss_21it_builds_all_targets0Bb_
FN:426,_RNCNvNtNtNtNtCs5BmVzKVgC1k_10empack_lib11application8commands5tests18handle_build_testss_23it_builds_single_target0Bb_
FN:462,_RNCNvNtNtNtNtCs5BmVzKVgC1k_10empack_lib11application8commands5tests18handle_build_testss_26it_builds_multiple_targets0Bb_
FN:546,_RNCNvNtNtNtNtCs5BmVzKVgC1k_10empack_lib11application8commands5tests18handle_build_testss_32it_handles_uninitialized_project0Bb_
FN:518,_RNCNvNtNtNtNtCs5BmVzKVgC1k_10empack_lib11application8commands5tests18handle_build_testss_37it_cleans_before_build_when_requested0Bb_
FN:608,_RNvNtNtNtNtCs5BmVzKVgC1k_10empack_lib11application8commands5tests18handle_clean_testss_24it_handles_empty_targets
FN:564,_RNvNtNtNtNtCs5BmVzKVgC1k_10empack_lib11application8commands5tests18handle_clean_testss_25it_cleans_build_artifacts
FN:578,_RNvNtNtNtNtCs5BmVzKVgC1k_10empack_lib11application8commands5tests18handle_clean_testss_28it_cleans_all_when_requested
FN:592,_RNvNtNtNtNtCs5BmVzKVgC1k_10empack_lib11application8commands5tests18handle_clean_testss_30it_cleans_cache_when_requested
FN:62,_RNCNvNtNtNtNtCs5BmVzKVgC1k_10empack_lib11application8commands5tests17handle_init_testss_26it_initializes_new_project0Bb_
FN:88,_RNCNvNtNtNtNtCs5BmVzKVgC1k_10empack_lib11application8commands5tests17handle_init_testss_33it_overwrites_existing_with_force0Bb_
FN:76,_RNCNvNtNtNtNtCs5BmVzKVgC1k_10empack_lib11application8commands5tests17handle_init_testss_46it_refuses_to_overwrite_existing_without_force0Bb_
FN:168,_RNCNvNtNtNtNtCs5BmVzKVgC1k_10empack_lib11application8commands5tests16handle_add_testss_25it_handles_empty_mod_list0Bb_
FN:196,_RNCNvNtNtNtNtCs5BmVzKVgC1k_10empack_lib11application8commands5tests16handle_add_testss_27it_handles_packwiz_failures0Bb_
FN:106,_RNCNvNtNtNtNtCs5BmVzKVgC1k_10empack_lib11application8commands5tests16handle_add_testss_31it_adds_single_mod_successfully0Bb_
FN:181,_RNCNvNtNtNtNtCs5BmVzKVgC1k_10empack_lib11application8commands5tests16handle_add_testss_32it_handles_uninitialized_project0Bb_
FN:148,_RNCNvNtNtNtNtCs5BmVzKVgC1k_10empack_lib11application8commands5tests16handle_add_testss_34it_adds_multiple_mods_successfully0Bb_
FN:16,_RNvNtNtNtNtCs5BmVzKVgC1k_10empack_lib11application8commands5tests20handle_version_testss_31it_displays_version_information
FNDA:1,_RNCNvNtNtNtNtCs5BmVzKVgC1k_10empack_lib11application8commands5tests25handle_requirements_testss_28it_reports_packwiz_available0Bb_
FNDA:1,_RNCNvNtNtNtNtCs5BmVzKVgC1k_10empack_lib11application8commands5tests25handle_requirements_testss_30it_reports_packwiz_unavailable0Bb_
FNDA:1,_RNCNvNtNtNtNtCs5BmVzKVgC1k_10empack_lib11application8commands5tests19handle_remove_testss_25it_handles_empty_mod_list0Bb_
FNDA:1,_RNCNvNtNtNtNtCs5BmVzKVgC1k_10empack_lib11application8commands5tests19handle_remove_testss_32it_handles_uninitialized_project0Bb_
FNDA:1,_RNCNvNtNtNtNtCs5BmVzKVgC1k_10empack_lib11application8commands5tests19handle_remove_testss_32it_removes_mod_with_dependencies0Bb_
FNDA:1,_RNCNvNtNtNtNtCs5BmVzKVgC1k_10empack_lib11application8commands5tests19handle_remove_testss_34it_removes_single_mod_successfully0Bb_
FNDA:1,_RNCNvNtNtNtNtCs5BmVzKVgC1k_10empack_lib11application8commands5tests19handle_remove_testss_37it_removes_multiple_mods_successfully0Bb_
FNDA:1,_RNvNtNtNtCs5BmVzKVgC1k_10empack_lib11application8commands5testss_23test_sync_action_remove
FNDA:1,_RNvNtNtNtCs5BmVzKVgC1k_10empack_lib11application8commands5testss_25test_pack_name_validation
FNDA:1,_RNvNtNtNtCs5BmVzKVgC1k_10empack_lib11application8commands5testss_25test_sync_action_creation
FNDA:1,_RNvNtNtNtCs5BmVzKVgC1k_10empack_lib11application8commands5testss_26test_mod_loader_validation
FNDA:1,_RNvNtNtNtCs5BmVzKVgC1k_10empack_lib11application8commands5testss_28test_project_type_validation
FNDA:1,_RNvNtNtNtCs5BmVzKVgC1k_10empack_lib11application8commands5testss_29test_error_message_formatting
FNDA:1,_RNvNtNtNtCs5BmVzKVgC1k_10empack_lib11application8commands5testss_31test_success_message_formatting
FNDA:1,_RNvNtNtNtCs5BmVzKVgC1k_10empack_lib11application8commands5testss_32test_command_argument_validation
FNDA:1,_RNvNtNtNtCs5BmVzKVgC1k_10empack_lib11application8commands5testss_33test_minecraft_version_validation
FNDA:1,_RNvNtNtNtCs5BmVzKVgC1k_10empack_lib11application8commands5testss_33test_project_initialization_check
FNDA:1,_RNvNtNtNtCs5BmVzKVgC1k_10empack_lib11application8commands5testss_34test_build_target_validation_logic
FNDA:1,_RNvNtNtNtCs5BmVzKVgC1k_10empack_lib11application8commands5testss_35test_parse_build_targets_empty_list
FNDA:1,_RNvNtNtNtCs5BmVzKVgC1k_10empack_lib11application8commands5testss_36test_parse_build_targets_all_keyword
FNDA:1,_RNvNtNtNtCs5BmVzKVgC1k_10empack_lib11application8commands5testss_38test_parse_build_targets_single_target
FNDA:1,_RNvNtNtNtCs5BmVzKVgC1k_10empack_lib11application8commands5testss_39test_parse_build_targets_invalid_target
FNDA:1,_RNvNtNtNtCs5BmVzKVgC1k_10empack_lib11application8commands5testss_41test_parse_build_targets_multiple_targets
FNDA:1,_RNvNtNtNtNtCs5BmVzKVgC1k_10empack_lib11application8commands5tests17handle_init_testss_26it_initializes_new_project
FNDA:1,_RNvNtNtNtNtCs5BmVzKVgC1k_10empack_lib11application8commands5tests17handle_init_testss_33it_overwrites_existing_with_force
FNDA:1,_RNvNtNtNtNtCs5BmVzKVgC1k_10empack_lib11application8commands5tests17handle_init_testss_46it_refuses_to_overwrite_existing_without_force
FNDA:1,_RNCNvNtNtNtNtCs5BmVzKVgC1k_10empack_lib11application8commands5tests20handle_version_testss_31it_displays_version_information0Bb_
FNDA:1,_RNvNtNtNtNtCs5BmVzKVgC1k_10empack_lib11application8commands5tests19handle_remove_testss_25it_handles_empty_mod_list
FNDA:1,_RNvNtNtNtNtCs5BmVzKVgC1k_10empack_lib11application8commands5tests19handle_remove_testss_32it_handles_uninitialized_project
FNDA:1,_RNvNtNtNtNtCs5BmVzKVgC1k_10empack_lib11application8commands5tests19handle_remove_testss_32it_removes_mod_with_dependencies
FNDA:1,_RNvNtNtNtNtCs5BmVzKVgC1k_10empack_lib11application8commands5tests19handle_remove_testss_34it_removes_single_mod_successfully
FNDA:1,_RNvNtNtNtNtCs5BmVzKVgC1k_10empack_lib11application8commands5tests19handle_remove_testss_37it_removes_multiple_mods_successfully
FNDA:1,_RNCNvNtNtNtNtCs5BmVzKVgC1k_10empack_lib11application8commands5tests18handle_clean_testss_24it_handles_empty_targets0Bb_
FNDA:1,_RNCNvNtNtNtNtCs5BmVzKVgC1k_10empack_lib11application8commands5tests18handle_clean_testss_25it_cleans_build_artifacts0Bb_
FNDA:1,_RNCNvNtNtNtNtCs5BmVzKVgC1k_10empack_lib11application8commands5tests18handle_clean_testss_28it_cleans_all_when_requested0Bb_
FNDA:1,_RNCNvNtNtNtNtCs5BmVzKVgC1k_10empack_lib11application8commands5tests18handle_clean_testss_30it_cleans_cache_when_requested0Bb_
FNDA:1,_RNvNtNtNtNtCs5BmVzKVgC1k_10empack_lib11application8commands5tests16handle_add_testss_25it_handles_empty_mod_list
FNDA:1,_RNvNtNtNtNtCs5BmVzKVgC1k_10empack_lib11application8commands5tests16handle_add_testss_27it_handles_packwiz_failures
FNDA:1,_RNvNtNtNtNtCs5BmVzKVgC1k_10empack_lib11application8commands5tests16handle_add_testss_31it_adds_single_mod_successfully
FNDA:1,_RNvNtNtNtNtCs5BmVzKVgC1k_10empack_lib11application8commands5tests16handle_add_testss_32it_handles_uninitialized_project
FNDA:1,_RNvNtNtNtNtCs5BmVzKVgC1k_10empack_lib11application8commands5tests16handle_add_testss_34it_adds_multiple_mods_successfully
FNDA:1,_RNCNvNtNtNtNtCs5BmVzKVgC1k_10empack_lib11application8commands5tests17handle_sync_testss_19it_adds_missing_mod0Bb_
FNDA:1,_RNCNvNtNtNtNtCs5BmVzKVgC1k_10empack_lib11application8commands5tests17handle_sync_testss_20it_removes_extra_mod0Bb_
FNDA:1,_RNCNvNtNtNtNtCs5BmVzKVgC1k_10empack_lib11application8commands5tests17handle_sync_testss_28it_does_nothing_when_in_sync0Bb_
FNDA:1,_RNCNvNtNtNtNtCs5BmVzKVgC1k_10empack_lib11application8commands5tests17handle_sync_testss_32it_handles_uninitialized_project0Bb_
FNDA:1,_RNCNvNtNtNtNtCs5BmVzKVgC1k_10empack_lib11application8commands5tests17handle_sync_testss_35it_performs_dry_run_without_changes0Bb_
FNDA:1,_RNvNtNtNtNtCs5BmVzKVgC1k_10empack_lib11application8commands5tests17handle_sync_testss_19it_adds_missing_mod
FNDA:1,_RNvNtNtNtNtCs5BmVzKVgC1k_10empack_lib11application8commands5tests17handle_sync_testss_20it_removes_extra_mod
FNDA:1,_RNvNtNtNtNtCs5BmVzKVgC1k_10empack_lib11application8commands5tests17handle_sync_testss_28it_does_nothing_when_in_sync
FNDA:1,_RNvNtNtNtNtCs5BmVzKVgC1k_10empack_lib11application8commands5tests17handle_sync_testss_32it_handles_uninitialized_project
FNDA:1,_RNvNtNtNtNtCs5BmVzKVgC1k_10empack_lib11application8commands5tests17handle_sync_testss_35it_performs_dry_run_without_changes
FNDA:1,_RNvNtNtNtNtCs5BmVzKVgC1k_10empack_lib11application8commands5tests18handle_build_testss_21it_builds_all_targets
FNDA:1,_RNvNtNtNtNtCs5BmVzKVgC1k_10empack_lib11application8commands5tests18handle_build_testss_23it_builds_single_target
FNDA:1,_RNvNtNtNtNtCs5BmVzKVgC1k_10empack_lib11application8commands5tests18handle_build_testss_26it_builds_multiple_targets
FNDA:1,_RNvNtNtNtNtCs5BmVzKVgC1k_10empack_lib11application8commands5tests18handle_build_testss_32it_handles_uninitialized_project
FNDA:1,_RNvNtNtNtNtCs5BmVzKVgC1k_10empack_lib11application8commands5tests18handle_build_testss_37it_cleans_before_build_when_requested
FNDA:1,_RNvNtNtNtNtCs5BmVzKVgC1k_10empack_lib11application8commands5tests25handle_requirements_testss_28it_reports_packwiz_available
FNDA:1,_RNvNtNtNtNtCs5BmVzKVgC1k_10empack_lib11application8commands5tests25handle_requirements_testss_30it_reports_packwiz_unavailable
FNDA:15,_RNCNCNCNCNvNtNtNtCs5BmVzKVgC1k_10empack_lib11application8commands5testss_33test_minecraft_version_validation0000Bf_
FNDA:31,_RNCNCNCNvNtNtNtCs5BmVzKVgC1k_10empack_lib11application8commands5testss_25test_pack_name_validation000Bd_
FNDA:32,_RNCNCNCNvNtNtNtCs5BmVzKVgC1k_10empack_lib11application8commands5testss_32test_command_argument_validation000Bd_
FNDA:11,_RNCNCNCNvNtNtNtCs5BmVzKVgC1k_10empack_lib11application8commands5testss_33test_minecraft_version_validation000Bd_
FNDA:7,_RNCNCNvNtNtNtCs5BmVzKVgC1k_10empack_lib11application8commands5testss_25test_pack_name_validation00Bb_
FNDA:6,_RNCNCNvNtNtNtCs5BmVzKVgC1k_10empack_lib11application8commands5testss_32test_command_argument_validation00Bb_
FNDA:6,_RNCNCNvNtNtNtCs5BmVzKVgC1k_10empack_lib11application8commands5testss_33test_minecraft_version_validation00Bb_
FNDA:4,_RNCNCNvNtNtNtCs5BmVzKVgC1k_10empack_lib11application8commands5testss_33test_project_initialization_check00Bb_
FNDA:1,_RNCNvNtNtNtCs5BmVzKVgC1k_10empack_lib11application8commands5testss_23test_sync_action_remove0B9_
FNDA:1,_RNCNvNtNtNtCs5BmVzKVgC1k_10empack_lib11application8commands5testss_25test_pack_name_validation0B9_
FNDA:1,_RNCNvNtNtNtCs5BmVzKVgC1k_10empack_lib11application8commands5testss_25test_sync_action_creation0B9_
FNDA:1,_RNCNvNtNtNtCs5BmVzKVgC1k_10empack_lib11application8commands5testss_26test_mod_loader_validation0B9_
FNDA:1,_RNCNvNtNtNtCs5BmVzKVgC1k_10empack_lib11application8commands5testss_28test_project_type_validation0B9_
FNDA:1,_RNCNvNtNtNtCs5BmVzKVgC1k_10empack_lib11application8commands5testss_29test_error_message_formatting0B9_
FNDA:1,_RNCNvNtNtNtCs5BmVzKVgC1k_10empack_lib11application8commands5testss_31test_success_message_formatting0B9_
FNDA:1,_RNCNvNtNtNtCs5BmVzKVgC1k_10empack_lib11application8commands5testss_32test_command_argument_validation0B9_
FNDA:1,_RNCNvNtNtNtCs5BmVzKVgC1k_10empack_lib11application8commands5testss_33test_minecraft_version_validation0B9_
FNDA:1,_RNCNvNtNtNtCs5BmVzKVgC1k_10empack_lib11application8commands5testss_33test_project_initialization_check0B9_
FNDA:1,_RNCNvNtNtNtCs5BmVzKVgC1k_10empack_lib11application8commands5testss_34test_build_target_validation_logic0B9_
FNDA:1,_RNCNvNtNtNtCs5BmVzKVgC1k_10empack_lib11application8commands5testss_35test_parse_build_targets_empty_list0B9_
FNDA:1,_RNCNvNtNtNtCs5BmVzKVgC1k_10empack_lib11application8commands5testss_36test_parse_build_targets_all_keyword0B9_
FNDA:1,_RNCNvNtNtNtCs5BmVzKVgC1k_10empack_lib11application8commands5testss_38test_parse_build_targets_single_target0B9_
FNDA:1,_RNCNvNtNtNtCs5BmVzKVgC1k_10empack_lib11application8commands5testss_39test_parse_build_targets_invalid_target0B9_
FNDA:1,_RNCNvNtNtNtCs5BmVzKVgC1k_10empack_lib11application8commands5testss_41test_parse_build_targets_multiple_targets0B9_
FNDA:1,_RNCNvNtNtNtNtCs5BmVzKVgC1k_10empack_lib11application8commands5tests18handle_build_testss_21it_builds_all_targets0Bb_
FNDA:1,_RNCNvNtNtNtNtCs5BmVzKVgC1k_10empack_lib11application8commands5tests18handle_build_testss_23it_builds_single_target0Bb_
FNDA:1,_RNCNvNtNtNtNtCs5BmVzKVgC1k_10empack_lib11application8commands5tests18handle_build_testss_26it_builds_multiple_targets0Bb_
FNDA:1,_RNCNvNtNtNtNtCs5BmVzKVgC1k_10empack_lib11application8commands5tests18handle_build_testss_32it_handles_uninitialized_project0Bb_
FNDA:1,_RNCNvNtNtNtNtCs5BmVzKVgC1k_10empack_lib11application8commands5tests18handle_build_testss_37it_cleans_before_build_when_requested0Bb_
FNDA:1,_RNvNtNtNtNtCs5BmVzKVgC1k_10empack_lib11application8commands5tests18handle_clean_testss_24it_handles_empty_targets
FNDA:1,_RNvNtNtNtNtCs5BmVzKVgC1k_10empack_lib11application8commands5tests18handle_clean_testss_25it_cleans_build_artifacts
FNDA:1,_RNvNtNtNtNtCs5BmVzKVgC1k_10empack_lib11application8commands5tests18handle_clean_testss_28it_cleans_all_when_requested
FNDA:1,_RNvNtNtNtNtCs5BmVzKVgC1k_10empack_lib11application8commands5tests18handle_clean_testss_30it_cleans_cache_when_requested
FNDA:1,_RNCNvNtNtNtNtCs5BmVzKVgC1k_10empack_lib11application8commands5tests17handle_init_testss_26it_initializes_new_project0Bb_
FNDA:1,_RNCNvNtNtNtNtCs5BmVzKVgC1k_10empack_lib11application8commands5tests17handle_init_testss_33it_overwrites_existing_with_force0Bb_
FNDA:1,_RNCNvNtNtNtNtCs5BmVzKVgC1k_10empack_lib11application8commands5tests17handle_init_testss_46it_refuses_to_overwrite_existing_without_force0Bb_
FNDA:1,_RNCNvNtNtNtNtCs5BmVzKVgC1k_10empack_lib11application8commands5tests16handle_add_testss_25it_handles_empty_mod_list0Bb_
FNDA:1,_RNCNvNtNtNtNtCs5BmVzKVgC1k_10empack_lib11application8commands5tests16handle_add_testss_27it_handles_packwiz_failures0Bb_
FNDA:1,_RNCNvNtNtNtNtCs5BmVzKVgC1k_10empack_lib11application8commands5tests16handle_add_testss_31it_adds_single_mod_successfully0Bb_
FNDA:1,_RNCNvNtNtNtNtCs5BmVzKVgC1k_10empack_lib11application8commands5tests16handle_add_testss_32it_handles_uninitialized_project0Bb_
FNDA:1,_RNCNvNtNtNtNtCs5BmVzKVgC1k_10empack_lib11application8commands5tests16handle_add_testss_34it_adds_multiple_mods_successfully0Bb_
FNDA:1,_RNvNtNtNtNtCs5BmVzKVgC1k_10empack_lib11application8commands5tests20handle_version_testss_31it_displays_version_information
FNF:100
FNH:100
DA:16,1
DA:17,1
DA:18,1
DA:20,1
DA:23,1
DA:32,1
DA:33,1
DA:34,1
DA:36,1
DA:38,1
DA:40,1
DA:41,1
DA:44,1
DA:45,1
DA:46,1
DA:48,1
DA:50,1
DA:52,1
DA:53,1
DA:62,1
DA:63,1
DA:64,1
DA:65,1
DA:67,1
DA:72,1
DA:73,1
DA:76,1
DA:77,1
DA:78,1
DA:79,1
DA:81,1
DA:84,1
DA:85,1
DA:88,1
DA:89,1
DA:90,1
DA:91,1
DA:93,1
DA:96,1
DA:97,1
DA:106,1
DA:107,1
DA:110,1
DA:111,1
DA:112,1
DA:113,1
DA:114,1
DA:115,1
DA:116,1
DA:117,1
DA:119,1
DA:120,1
DA:121,1
DA:122,1
DA:123,1
DA:124,1
DA:125,1
DA:126,1
DA:127,1
DA:128,1
DA:131,1
DA:133,1
DA:134,0
DA:135,0
DA:136,0
DA:137,1
DA:138,1
DA:141,1
DA:144,1
DA:145,1
DA:148,1
DA:149,1
DA:150,1
DA:151,1
DA:152,1
DA:153,1
DA:154,1
DA:156,1
DA:158,1
DA:161,1
DA:164,1
DA:165,1
DA:168,1
DA:169,1
DA:171,1
DA:173,1
DA:176,1
DA:177,1
DA:178,1
DA:181,1
DA:182,1
DA:183,1
DA:184,1
DA:186,1
DA:188,1
DA:191,1
DA:192,1
DA:193,1
DA:196,1
DA:197,1
DA:198,1
DA:199,1
DA:200,1
DA:201,1
DA:202,1
DA:203,1
DA:204,1
DA:205,1
DA:208,1
DA:210,1
DA:213,1
DA:214,1
DA:215,1
DA:224,1
DA:225,1
DA:226,1
DA:227,1
DA:228,1
DA:229,1
DA:230,1
DA:231,1
DA:232,1
DA:233,1
DA:236,1
DA:238,1
DA:241,1
DA:242,1
DA:243,1
DA:246,1
DA:247,1
DA:248,1
DA:249,1
DA:250,1
DA:251,1
DA:252,1
DA:254,1
DA:256,1
DA:259,1
DA:260,1
DA:261,1
DA:262,1
DA:265,1
DA:266,1
DA:267,1
DA:268,1
DA:269,1
DA:270,1
DA:271,1
DA:272,1
DA:273,1
DA:274,1
DA:277,1
DA:279,1
DA:282,1
DA:283,1
DA:284,1
DA:287,1
DA:288,1
DA:290,1
DA:292,1
DA:295,1
DA:296,1
DA:297,1
DA:300,1
DA:301,1
[...]
FN:36,_RNvNtNtNtCs5BmVzKVgC1k_10empack_lib7testing10filesystem5testss_23test_temp_dir_isolation
FN:75,_RNvNtNtNtCs5BmVzKVgC1k_10empack_lib7testing10filesystem5testss_26test_empack_config_pattern
FN:59,_RNvNtNtNtCs5BmVzKVgC1k_10empack_lib7testing10filesystem5testss_30test_nested_directory_creation
FN:4,_RNvNtNtNtCs5BmVzKVgC1k_10empack_lib7testing10filesystem5testss_37test_creates_temp_dir_and_writes_file
FNDA:1,_RNvNtNtNtCs5BmVzKVgC1k_10empack_lib7testing10filesystem5testss_23test_temp_dir_isolation
FNDA:1,_RNvNtNtNtCs5BmVzKVgC1k_10empack_lib7testing10filesystem5testss_26test_empack_config_pattern
FNDA:1,_RNvNtNtNtCs5BmVzKVgC1k_10empack_lib7testing10filesystem5testss_30test_nested_directory_creation
FNDA:1,_RNvNtNtNtCs5BmVzKVgC1k_10empack_lib7testing10filesystem5testss_37test_creates_temp_dir_and_writes_file
FNF:4
FNH:4
DA:4,1
DA:6,1
DA:9,1
DA:12,1
DA:13,1
DA:16,1
DA:19,1
DA:20,1
DA:23,1
DA:24,1
DA:25,1
DA:27,1
DA:28,1
DA:29,1
DA:31,1
DA:33,1
DA:36,1
DA:38,1
DA:39,1
DA:42,1
DA:45,1
DA:46,1
DA:49,1
DA:50,1
DA:52,1
DA:53,1
DA:55,1
DA:56,1
DA:59,1
DA:60,1
DA:63,1
DA:66,1
DA:68,1
DA:69,1
DA:71,1
DA:72,1
DA:75,1
DA:76,1
DA:79,1
DA:80,1
DA:81,1
DA:82,1
DA:83,1
DA:86,1
DA:87,1
DA:88,1
DA:91,1
DA:92,1
DA:94,1
DA:95,1
BRF:0
BRH:0
LF:50
LH:50
end_of_record
SF:/Users/zer0cell/production/empack/crates/empack-lib/src/testing/mod.rs
FN:52,_RNvMNtCs5BmVzKVgC1k_10empack_lib7testingNtB2_10TestRunner3new
FN:60,_RNvMNtCs5BmVzKVgC1k_10empack_lib7testingNtB2_10TestRunner6finish
FN:76,_RNvMs_NtCs5BmVzKVgC1k_10empack_lib7testingNtB4_9TestUtils16verify_isolation
FN:82,_RNvMs_NtCs5BmVzKVgC1k_10empack_lib7testingNtB4_9TestUtils7test_id
FNDA:0,_RNvMNtCs5BmVzKVgC1k_10empack_lib7testingNtB2_10TestRunner3new
FNDA:0,_RNvMNtCs5BmVzKVgC1k_10empack_lib7testingNtB2_10TestRunner6finish
FNDA:0,_RNvMs_NtCs5BmVzKVgC1k_10empack_lib7testingNtB4_9TestUtils16verify_isolation
FNDA:0,_RNvMs_NtCs5BmVzKVgC1k_10empack_lib7testingNtB4_9TestUtils7test_id
FNF:4
FNH:0
DA:52,0
DA:53,0
DA:54,0
DA:55,0
DA:56,0
DA:57,0
DA:58,0
DA:60,0
DA:61,0
DA:62,0
DA:63,0
DA:64,0
DA:65,0
DA:66,0
DA:67,0
DA:68,0
DA:76,0
DA:78,0
DA:79,0
DA:82,0
DA:84,0
DA:85,0
DA:86,0
DA:87,0
DA:88,0
DA:89,0
BRF:0
BRH:0
LF:26
LH:0
end_of_record
SF:/Users/zer0cell/production/empack/crates/empack-tests/src/fixtures.rs
FN:11,_RNvNtCs6jbmnWiGXI_12empack_tests8fixtures12load_fixture
FN:22,_RNvNtCs6jbmnWiGXI_12empack_tests8fixtures17load_fixture_json
FN:18,_RNCNvNtCs6jbmnWiGXI_12empack_tests8fixtures12load_fixture0B5_
FN:25,_RNCNvNtCs6jbmnWiGXI_12empack_tests8fixtures17load_fixture_json0B5_
FN:11,_RNvNtCs658D7acODAH_12empack_tests8fixtures12load_fixture
FN:22,_RNvNtCs658D7acODAH_12empack_tests8fixtures17load_fixture_json
FN:18,_RNCNvNtCs658D7acODAH_12empack_tests8fixtures12load_fixture0B5_
FN:25,_RNCNvNtCs658D7acODAH_12empack_tests8fixtures17load_fixture_json0B5_
FN:30,_RNvNtCs658D7acODAH_12empack_tests8fixtures11mockito_url
FN:46,_RNvNtNtCs658D7acODAH_12empack_tests8fixtures5testss_21test_load_jei_fixture
FN:52,_RNvNtNtCs658D7acODAH_12empack_tests8fixtures5testss_22test_load_fixture_json
FN:39,_RNvNtNtCs658D7acODAH_12empack_tests8fixtures5testss_24test_load_sodium_fixture
FNDA:1,_RNvNtCs6jbmnWiGXI_12empack_tests8fixtures12load_fixture
FNDA:0,_RNvNtCs6jbmnWiGXI_12empack_tests8fixtures17load_fixture_json
FNDA:0,_RNCNvNtCs6jbmnWiGXI_12empack_tests8fixtures12load_fixture0B5_
FNDA:0,_RNCNvNtCs6jbmnWiGXI_12empack_tests8fixtures17load_fixture_json0B5_
FNDA:3,_RNvNtCs658D7acODAH_12empack_tests8fixtures12load_fixture
FNDA:1,_RNvNtCs658D7acODAH_12empack_tests8fixtures17load_fixture_json
FNDA:0,_RNCNvNtCs658D7acODAH_12empack_tests8fixtures12load_fixture0B5_
FNDA:0,_RNCNvNtCs658D7acODAH_12empack_tests8fixtures17load_fixture_json0B5_
FNDA:0,_RNvNtCs658D7acODAH_12empack_tests8fixtures11mockito_url
FNDA:1,_RNvNtNtCs658D7acODAH_12empack_tests8fixtures5testss_21test_load_jei_fixture
FNDA:1,_RNvNtNtCs658D7acODAH_12empack_tests8fixtures5testss_22test_load_fixture_json
FNDA:1,_RNvNtNtCs658D7acODAH_12empack_tests8fixtures5testss_24test_load_sodium_fixture
FNF:8
FNH:5
DA:11,4
DA:12,4
DA:13,4
DA:14,4
DA:15,4
DA:17,4
DA:18,4
DA:19,4
DA:22,1
DA:23,1
DA:24,1
DA:25,1
DA:26,1
DA:30,0
DA:31,0
DA:32,0
DA:39,1
DA:40,1
DA:41,1
DA:42,1
DA:43,1
DA:46,1
DA:47,1
DA:48,1
DA:49,1
DA:52,1
DA:53,1
DA:54,1
DA:55,1
DA:56,1
BRF:0
BRH:0
LF:32
LH:27
end_of_record
SF:/Users/zer0cell/production/empack/crates/empack-tests/src/test_env.rs
FN:474,_RNvXs3_NtCs6jbmnWiGXI_12empack_tests8test_envNtB5_15TestEnvironmentNtNtNtCsj3QBrvpYeJs_4core3ops4drop4Drop4drop
FN:474,_RNvXs3_NtCs658D7acODAH_12empack_tests8test_envNtB5_15TestEnvironmentNtNtNtCsj3QBrvpYeJs_4core3ops4drop4Drop4drop
FN:198,_RNvMNtCs658D7acODAH_12empack_tests8test_envNtB2_15TestEnvironment12get_path_env
FN:90,_RNvMNtCs658D7acODAH_12empack_tests8test_envNtB2_15TestEnvironment19add_mock_executable
FN:242,_RNvMNtCs658D7acODAH_12empack_tests8test_envNtB2_15TestEnvironment19init_empack_project
FN:120,_RNvMNtCs658D7acODAH_12empack_tests8test_envNtB2_15TestEnvironment20generate_mock_script
FN:178,_RNvMNtCs658D7acODAH_12empack_tests8test_envNtB2_15TestEnvironment22generate_behavior_code
FN:70,_RNvMNtCs658D7acODAH_12empack_tests8test_envNtB2_15TestEnvironment3new
FN:228,_RNCNvMNtCs658D7acODAH_12empack_tests8test_envNtB4_15TestEnvironment14get_mock_calls0B6_
FN:469,_RNCNvXs2_NtCs658D7acODAH_12empack_tests8test_envNtB7_19MockProjectResolverNtNtNtCshmQA5Mrgi1L_10empack_lib6empack6search20ProjectResolverTrait15resolve_project0B9_
FN:207,_RNvMNtCs658D7acODAH_12empack_tests8test_envNtB2_15TestEnvironment12get_mock_log
FN:224,_RNvMNtCs658D7acODAH_12empack_tests8test_envNtB2_15TestEnvironment14get_mock_calls
FN:217,_RNvMNtCs658D7acODAH_12empack_tests8test_envNtB2_15TestEnvironment16verify_mock_call
FN:416,_RNvMs0_NtCs658D7acODAH_12empack_tests8test_envNtB5_19MockNetworkProvider12add_mock_mod
FN:411,_RNvMs0_NtCs658D7acODAH_12empack_tests8test_envNtB5_19MockNetworkProvider17add_search_result
FN:404,_RNvMs0_NtCs658D7acODAH_12empack_tests8test_envNtB5_19MockNetworkProvider3new
FN:391,_RNvMs_NtCs658D7acODAH_12empack_tests8test_envNtB4_22HermeticSessionBuilder12test_env_mut
FN:329,_RNvMs_NtCs658D7acODAH_12empack_tests8test_envNtB4_22HermeticSessionBuilder12with_workdir
FN:335,_RNvMs_NtCs658D7acODAH_12empack_tests8test_envNtB4_22HermeticSessionBuilder13with_mock_mod
FN:347,_RNvMs_NtCs658D7acODAH_12empack_tests8test_envNtB4_22HermeticSessionBuilder19with_empack_project
FN:323,_RNvMs_NtCs658D7acODAH_12empack_tests8test_envNtB4_22HermeticSessionBuilder20with_mock_executable
FN:341,_RNvMs_NtCs658D7acODAH_12empack_tests8test_envNtB4_22HermeticSessionBuilder23with_mock_search_result
FN:310,_RNvMs_NtCs658D7acODAH_12empack_tests8test_envNtB4_22HermeticSessionBuilder3new
FN:361,_RNvMs_NtCs658D7acODAH_12empack_tests8test_envNtB4_22HermeticSessionBuilder5build
FN:386,_RNvMs_NtCs658D7acODAH_12empack_tests8test_envNtB4_22HermeticSessionBuilder8test_env
FN:432,_RNvXs1_NtCs658D7acODAH_12empack_tests8test_envNtB5_19MockNetworkProviderNtNtNtCshmQA5Mrgi1L_10empack_lib11application7session15NetworkProvider11http_client
FN:437,_RNvXs1_NtCs658D7acODAH_12empack_tests8test_envNtB5_19MockNetworkProviderNtNtNtCshmQA5Mrgi1L_10empack_lib11application7session15NetworkProvider16project_resolver
FN:454,_RNvXs2_NtCs658D7acODAH_12empack_tests8test_envNtB5_19MockProjectResolverNtNtNtCshmQA5Mrgi1L_10empack_lib6empack6search20ProjectResolverTrait15resolve_project
FN:543,_RNvNtNtCs658D7acODAH_12empack_tests8test_env5testss_24test_path_env_generation
FN:484,_RNvNtNtCs658D7acODAH_12empack_tests8test_env5testss_25test_environment_creation
FN:511,_RNvNtNtCs658D7acODAH_12empack_tests8test_env5testss_28test_mock_executable_logging
FN:492,_RNvNtNtCs658D7acODAH_12empack_tests8test_env5testss_29test_mock_executable_creation
FN:524,_RNvNtNtCs658D7acODAH_12empack_tests8test_env5testss_34test_empack_project_initialization
FN:228,_RNCNvMNtCs6jbmnWiGXI_12empack_tests8test_envNtB4_15TestEnvironment14get_mock_calls0B6_
FN:469,_RNCNvXs2_NtCs6jbmnWiGXI_12empack_tests8test_envNtB7_19MockProjectResolverNtNtNtCshmQA5Mrgi1L_10empack_lib6empack6search20ProjectResolverTrait15resolve_project0B9_
FN:207,_RNvMNtCs6jbmnWiGXI_12empack_tests8test_envNtB2_15TestEnvironment12get_mock_log
FN:198,_RNvMNtCs6jbmnWiGXI_12empack_tests8test_envNtB2_15TestEnvironment12get_path_env
FN:224,_RNvMNtCs6jbmnWiGXI_12empack_tests8test_envNtB2_15TestEnvironment14get_mock_calls
FN:217,_RNvMNtCs6jbmnWiGXI_12empack_tests8test_envNtB2_15TestEnvironment16verify_mock_call
FN:90,_RNvMNtCs6jbmnWiGXI_12empack_tests8test_envNtB2_15TestEnvironment19add_mock_executable
FN:242,_RNvMNtCs6jbmnWiGXI_12empack_tests8test_envNtB2_15TestEnvironment19init_empack_project
FN:120,_RNvMNtCs6jbmnWiGXI_12empack_tests8test_envNtB2_15TestEnvironment20generate_mock_script
FN:178,_RNvMNtCs6jbmnWiGXI_12empack_tests8test_envNtB2_15TestEnvironment22generate_behavior_code
FN:70,_RNvMNtCs6jbmnWiGXI_12empack_tests8test_envNtB2_15TestEnvironment3new
FN:416,_RNvMs0_NtCs6jbmnWiGXI_12empack_tests8test_envNtB5_19MockNetworkProvider12add_mock_mod
FN:411,_RNvMs0_NtCs6jbmnWiGXI_12empack_tests8test_envNtB5_19MockNetworkProvider17add_search_result
FN:404,_RNvMs0_NtCs6jbmnWiGXI_12empack_tests8test_envNtB5_19MockNetworkProvider3new
FN:391,_RNvMs_NtCs6jbmnWiGXI_12empack_tests8test_envNtB4_22HermeticSessionBuilder12test_env_mut
FN:329,_RNvMs_NtCs6jbmnWiGXI_12empack_tests8test_envNtB4_22HermeticSessionBuilder12with_workdir
FN:335,_RNvMs_NtCs6jbmnWiGXI_12empack_tests8test_envNtB4_22HermeticSessionBuilder13with_mock_mod
FN:347,_RNvMs_NtCs6jbmnWiGXI_12empack_tests8test_envNtB4_22HermeticSessionBuilder19with_empack_project
FN:323,_RNvMs_NtCs6jbmnWiGXI_12empack_tests8test_envNtB4_22HermeticSessionBuilder20with_mock_executable
FN:341,_RNvMs_NtCs6jbmnWiGXI_12empack_tests8test_envNtB4_22HermeticSessionBuilder23with_mock_search_result
FN:310,_RNvMs_NtCs6jbmnWiGXI_12empack_tests8test_envNtB4_22HermeticSessionBuilder3new
FN:361,_RNvMs_NtCs6jbmnWiGXI_12empack_tests8test_envNtB4_22HermeticSessionBuilder5build
FN:386,_RNvMs_NtCs6jbmnWiGXI_12empack_tests8test_envNtB4_22HermeticSessionBuilder8test_env
FN:432,_RNvXs1_NtCs6jbmnWiGXI_12empack_tests8test_envNtB5_19MockNetworkProviderNtNtNtCshmQA5Mrgi1L_10empack_lib11application7session15NetworkProvider11http_client
FN:437,_RNvXs1_NtCs6jbmnWiGXI_12empack_tests8test_envNtB5_19MockNetworkProviderNtNtNtCshmQA5Mrgi1L_10empack_lib11application7session15NetworkProvider16project_resolver
FN:454,_RNvXs2_NtCs6jbmnWiGXI_12empack_tests8test_envNtB5_19MockProjectResolverNtNtNtCshmQA5Mrgi1L_10empack_lib6empack6search20ProjectResolverTrait15resolve_project
FNDA:4,_RNvXs3_NtCs6jbmnWiGXI_12empack_tests8test_envNtB5_15TestEnvironmentNtNtNtCsj3QBrvpYeJs_4core3ops4drop4Drop4drop
FNDA:5,_RNvXs3_NtCs658D7acODAH_12empack_tests8test_envNtB5_15TestEnvironmentNtNtNtCsj3QBrvpYeJs_4core3ops4drop4Drop4drop
FNDA:1,_RNvMNtCs658D7acODAH_12empack_tests8test_envNtB2_15TestEnvironment12get_path_env
FNDA:2,_RNvMNtCs658D7acODAH_12empack_tests8test_envNtB2_15TestEnvironment19add_mock_executable
FNDA:1,_RNvMNtCs658D7acODAH_12empack_tests8test_envNtB2_15TestEnvironment19init_empack_project
FNDA:2,_RNvMNtCs658D7acODAH_12empack_tests8test_envNtB2_15TestEnvironment20generate_mock_script
FNDA:0,_RNvMNtCs658D7acODAH_12empack_tests8test_envNtB2_15TestEnvironment22generate_behavior_code
FNDA:5,_RNvMNtCs658D7acODAH_12empack_tests8test_envNtB2_15TestEnvironment3new
FNDA:0,_RNCNvMNtCs658D7acODAH_12empack_tests8test_envNtB4_15TestEnvironment14get_mock_calls0B6_
FNDA:0,_RNCNvXs2_NtCs658D7acODAH_12empack_tests8test_envNtB7_19MockProjectResolverNtNtNtCshmQA5Mrgi1L_10empack_lib6empack6search20ProjectResolverTrait15resolve_project0B9_
FNDA:0,_RNvMNtCs658D7acODAH_12empack_tests8test_envNtB2_15TestEnvironment12get_mock_log
FNDA:0,_RNvMNtCs658D7acODAH_12empack_tests8test_envNtB2_15TestEnvironment14get_mock_calls
FNDA:0,_RNvMNtCs658D7acODAH_12empack_tests8test_envNtB2_15TestEnvironment16verify_mock_call
FNDA:0,_RNvMs0_NtCs658D7acODAH_12empack_tests8test_envNtB5_19MockNetworkProvider12add_mock_mod
FNDA:0,_RNvMs0_NtCs658D7acODAH_12empack_tests8test_envNtB5_19MockNetworkProvider17add_search_result
FNDA:0,_RNvMs0_NtCs658D7acODAH_12empack_tests8test_envNtB5_19MockNetworkProvider3new
FNDA:0,_RNvMs_NtCs658D7acODAH_12empack_tests8test_envNtB4_22HermeticSessionBuilder12test_env_mut
FNDA:0,_RNvMs_NtCs658D7acODAH_12empack_tests8test_envNtB4_22HermeticSessionBuilder12with_workdir
FNDA:0,_RNvMs_NtCs658D7acODAH_12empack_tests8test_envNtB4_22HermeticSessionBuilder13with_mock_mod
FNDA:0,_RNvMs_NtCs658D7acODAH_12empack_tests8test_envNtB4_22HermeticSessionBuilder19with_empack_project
FNDA:0,_RNvMs_NtCs658D7acODAH_12empack_tests8test_envNtB4_22HermeticSessionBuilder20with_mock_executable
FNDA:0,_RNvMs_NtCs658D7acODAH_12empack_tests8test_envNtB4_22HermeticSessionBuilder23with_mock_search_result
FNDA:0,_RNvMs_NtCs658D7acODAH_12empack_tests8test_envNtB4_22HermeticSessionBuilder3new
FNDA:0,_RNvMs_NtCs658D7acODAH_12empack_tests8test_envNtB4_22HermeticSessionBuilder5build
FNDA:0,_RNvMs_NtCs658D7acODAH_12empack_tests8test_envNtB4_22HermeticSessionBuilder8test_env
FNDA:0,_RNvXs1_NtCs658D7acODAH_12empack_tests8test_envNtB5_19MockNetworkProviderNtNtNtCshmQA5Mrgi1L_10empack_lib11application7session15NetworkProvider11http_client
FNDA:0,_RNvXs1_NtCs658D7acODAH_12empack_tests8test_envNtB5_19MockNetworkProviderNtNtNtCshmQA5Mrgi1L_10empack_lib11application7session15NetworkProvider16project_resolver
FNDA:0,_RNvXs2_NtCs658D7acODAH_12empack_tests8test_envNtB5_19MockProjectResolverNtNtNtCshmQA5Mrgi1L_10empack_lib6empack6search20ProjectResolverTrait15resolve_project
FNDA:1,_RNvNtNtCs658D7acODAH_12empack_tests8test_env5testss_24test_path_env_generation
FNDA:1,_RNvNtNtCs658D7acODAH_12empack_tests8test_env5testss_25test_environment_creation
FNDA:1,_RNvNtNtCs658D7acODAH_12empack_tests8test_env5testss_28test_mock_executable_logging
FNDA:1,_RNvNtNtCs658D7acODAH_12empack_tests8test_env5testss_29test_mock_executable_creation
FNDA:1,_RNvNtNtCs658D7acODAH_12empack_tests8test_env5testss_34test_empack_project_initialization
FNDA:5,_RNCNvMNtCs6jbmnWiGXI_12empack_tests8test_envNtB4_15TestEnvironment14get_mock_calls0B6_
FNDA:1,_RNCNvXs2_NtCs6jbmnWiGXI_12empack_tests8test_envNtB7_19MockProjectResolverNtNtNtCshmQA5Mrgi1L_10empack_lib6empack6search20ProjectResolverTrait15resolve_project0B9_
FNDA:3,_RNvMNtCs6jbmnWiGXI_12empack_tests8test_envNtB2_15TestEnvironment12get_mock_log
FNDA:0,_RNvMNtCs6jbmnWiGXI_12empack_tests8test_envNtB2_15TestEnvironment12get_path_env
FNDA:3,_RNvMNtCs6jbmnWiGXI_12empack_tests8test_envNtB2_15TestEnvironment14get_mock_calls
FNDA:0,_RNvMNtCs6jbmnWiGXI_12empack_tests8test_envNtB2_15TestEnvironment16verify_mock_call
FNDA:11,_RNvMNtCs6jbmnWiGXI_12empack_tests8test_envNtB2_15TestEnvironment19add_mock_executable
FNDA:3,_RNvMNtCs6jbmnWiGXI_12empack_tests8test_envNtB2_15TestEnvironment19init_empack_project
FNDA:11,_RNvMNtCs6jbmnWiGXI_12empack_tests8test_envNtB2_15TestEnvironment20generate_mock_script
FNDA:0,_RNvMNtCs6jbmnWiGXI_12empack_tests8test_envNtB2_15TestEnvironment22generate_behavior_code
FNDA:4,_RNvMNtCs6jbmnWiGXI_12empack_tests8test_envNtB2_15TestEnvironment3new
FNDA:1,_RNvMs0_NtCs6jbmnWiGXI_12empack_tests8test_envNtB5_19MockNetworkProvider12add_mock_mod
FNDA:0,_RNvMs0_NtCs6jbmnWiGXI_12empack_tests8test_envNtB5_19MockNetworkProvider17add_search_result
FNDA:4,_RNvMs0_NtCs6jbmnWiGXI_12empack_tests8test_envNtB5_19MockNetworkProvider3new
FNDA:0,_RNvMs_NtCs6jbmnWiGXI_12empack_tests8test_envNtB4_22HermeticSessionBuilder12test_env_mut
FNDA:0,_RNvMs_NtCs6jbmnWiGXI_12empack_tests8test_envNtB4_22HermeticSessionBuilder12with_workdir
FNDA:1,_RNvMs_NtCs6jbmnWiGXI_12empack_tests8test_envNtB4_22HermeticSessionBuilder13with_mock_mod
FNDA:3,_RNvMs_NtCs6jbmnWiGXI_12empack_tests8test_envNtB4_22HermeticSessionBuilder19with_empack_project
FNDA:11,_RNvMs_NtCs6jbmnWiGXI_12empack_tests8test_envNtB4_22HermeticSessionBuilder20with_mock_executable
FNDA:0,_RNvMs_NtCs6jbmnWiGXI_12empack_tests8test_envNtB4_22HermeticSessionBuilder23with_mock_search_result
FNDA:4,_RNvMs_NtCs6jbmnWiGXI_12empack_tests8test_envNtB4_22HermeticSessionBuilder3new
FNDA:4,_RNvMs_NtCs6jbmnWiGXI_12empack_tests8test_envNtB4_22HermeticSessionBuilder5build
FNDA:0,_RNvMs_NtCs6jbmnWiGXI_12empack_tests8test_envNtB4_22HermeticSessionBuilder8test_env
FNDA:1,_RNvXs1_NtCs6jbmnWiGXI_12empack_tests8test_envNtB5_19MockNetworkProviderNtNtNtCshmQA5Mrgi1L_10empack_lib11application7session15NetworkProvider11http_client
FNDA:1,_RNvXs1_NtCs6jbmnWiGXI_12empack_tests8test_envNtB5_19MockNetworkProviderNtNtNtCshmQA5Mrgi1L_10empack_lib11application7session15NetworkProvider16project_resolver
FNDA:1,_RNvXs2_NtCs6jbmnWiGXI_12empack_tests8test_envNtB5_19MockProjectResolverNtNtNtCshmQA5Mrgi1L_10empack_lib6empack6search20ProjectResolverTrait15resolve_project
FNF:32
FNH:25
DA:70,9
DA:71,9
DA:72,9
DA:73,9
DA:74,9
DA:77,9
DA:78,9
DA:80,9
DA:81,9
DA:82,9
DA:83,9
DA:84,9
DA:85,9
DA:86,9
DA:87,9
DA:90,13
DA:91,13
DA:92,13
DA:94,13
DA:95,13
DA:96,13
DA:97,13
DA:98,13
DA:100,13
DA:101,13
DA:104,13
DA:105,13
DA:111,13
DA:112,13
DA:113,13
DA:116,13
DA:117,13
DA:120,13
DA:121,13
DA:122,13
DA:123,13
DA:124,13
DA:125,13
DA:126,13
DA:128,13
DA:129,7
DA:130,0
DA:131,0
DA:133,6
DA:134,6
DA:135,6
DA:136,6
DA:137,6
DA:138,6
DA:139,0
DA:140,6
DA:141,6
DA:142,6
DA:144,0
DA:145,0
DA:146,0
DA:147,0
DA:148,0
DA:149,0
DA:150,0
DA:151,0
DA:152,0
DA:153,0
DA:154,0
DA:155,0
DA:156,0
DA:160,13
DA:161,13
DA:162,13
DA:163,13
DA:164,13
DA:165,13
DA:166,13
DA:167,13
DA:168,13
DA:169,13
DA:170,13
DA:174,13
DA:175,13
DA:178,0
DA:179,0
DA:180,0
DA:181,0
DA:182,0
DA:183,0
DA:184,0
DA:185,0
DA:186,0
DA:187,0
DA:188,0
DA:189,0
DA:190,0
DA:191,0
DA:193,0
DA:195,0
DA:198,1
DA:199,1
DA:200,1
DA:201,1
DA:202,1
DA:204,1
DA:207,3
DA:208,3
DA:209,3
DA:210,3
DA:212,0
DA:214,3
DA:217,0
DA:218,0
DA:219,0
DA:220,0
DA:221,0
DA:224,3
DA:225,3
DA:226,3
DA:227,3
DA:228,5
DA:230,5
DA:231,5
DA:232,5
DA:234,0
DA:236,5
DA:237,3
DA:238,3
DA:239,3
DA:242,4
DA:243,4
DA:244,4
DA:245,4
DA:246,4
DA:247,4
DA:248,4
DA:249,4
DA:250,4
DA:253,4
DA:254,4
DA:255,4
DA:256,4
DA:257,4
DA:258,4
DA:259,4
DA:260,4
DA:261,4
DA:262,4
DA:263,4
DA:266,4
DA:269,4
DA:270,4
DA:271,4
DA:272,4
DA:273,4
DA:274,4
DA:275,4
DA:276,4
DA:277,4
DA:278,4
DA:279,4
DA:280,4
DA:281,4
DA:282,4
DA:283,4
DA:286,4
DA:289,4
DA:290,4
DA:291,4
DA:292,4
DA:293,4
DA:294,4
DA:295,4
DA:297,4
DA:298,4
DA:310,4
DA:311,4
DA:312,4
DA:313,4
DA:315,4
DA:316,4
DA:317,4
DA:318,4
DA:319,4
DA:320,4
DA:323,11
DA:324,11
DA:325,11
DA:326,11
DA:329,0
DA:330,0
DA:331,0
DA:332,0
DA:335,1
DA:336,1
DA:337,1
DA:338,1
DA:341,0
DA:342,0
DA:343,0
DA:344,0
DA:347,3
DA:348,3
DA:349,3
DA:350,3
DA:351,3
DA:352,3
DA:353,3
DA:354,3
DA:355,3
DA:356,3
DA:357,3
DA:358,3
DA:361,4
DA:362,4
DA:363,4
DA:364,4
DA:365,4
DA:366,4
DA:367,4
DA:368,4
DA:369,4
DA:370,4
DA:371,4
DA:373,4
DA:374,4
DA:375,4
DA:376,4
DA:377,4
DA:378,4
DA:379,4
DA:382,4
DA:383,4
DA:386,0
DA:387,0
DA:388,0
DA:391,0
DA:392,0
DA:393,0
DA:404,4
DA:405,4
DA:406,4
DA:407,4
DA:408,4
DA:411,0
DA:412,0
DA:413,0
DA:416,1
DA:417,1
DA:418,1
DA:419,1
DA:420,1
DA:421,1
DA:422,1
DA:423,1
DA:424,1
DA:425,1
DA:426,1
DA:428,1
DA:432,1
DA:434,1
DA:435,1
DA:437,1
DA:438,1
DA:439,1
DA:440,1
DA:441,1
DA:442,1
DA:443,1
DA:444,1
DA:445,1
DA:454,1
DA:455,1
DA:456,1
DA:457,1
DA:458,1
DA:459,1
DA:460,1
DA:461,1
DA:462,1
DA:464,0
DA:465,0
DA:466,0
DA:469,1
DA:470,1
DA:474,9
DA:476,9
DA:484,1
DA:485,1
DA:486,1
DA:487,1
DA:488,1
DA:489,1
DA:492,1
DA:493,1
DA:495,1
DA:496,1
DA:498,1
DA:499,1
DA:505,1
DA:506,1
DA:508,1
DA:511,1
DA:512,1
DA:514,1
DA:515,1
DA:519,1
DA:520,1
DA:521,1
DA:524,1
DA:525,1
DA:527,1
DA:528,1
DA:529,1
DA:531,1
DA:532,1
DA:533,1
DA:534,1
DA:537,1
DA:538,1
DA:539,1
DA:540,1
DA:543,1
DA:544,1
DA:545,1
DA:547,1
DA:548,1
DA:549,1
BRF:0
BRH:0
LF:326
LH:267
end_of_record
SF:/Users/zer0cell/production/empack/crates/empack/src/main.rs
FN:2,_RNCNvCsjWZTUugAYgM_6empack4main0B3_
FN:2,_RNvCsjWZTUugAYgM_6empack4main
FNDA:0,_RNCNvCsjWZTUugAYgM_6empack4main0B3_
FNDA:0,_RNvCsjWZTUugAYgM_6empack4main
FNF:2
FNH:0
DA:2,0
DA:3,0
DA:4,0
BRF:0
BRH:0
LF:5
LH:0
end_of_record